[debug] [2025-06-16T13:28:21.715Z] ----------------------------------------------------------------------
[debug] [2025-06-16T13:28:21.717Z] Command:       C:\Program Files\nodejs\node.exe C:\Program Files\nodejs\node_modules\firebase-tools\lib\bin\firebase.js deploy --only functions
[debug] [2025-06-16T13:28:21.717Z] CLI Version:   13.35.1
[debug] [2025-06-16T13:28:21.718Z] Platform:      win32
[debug] [2025-06-16T13:28:21.718Z] Node Version:  v18.20.5
[debug] [2025-06-16T13:28:21.719Z] Time:          Mon Jun 16 2025 16:28:21 GMT+0300 (Eastern European Summer Time)
[debug] [2025-06-16T13:28:21.720Z] ----------------------------------------------------------------------
[debug] 
[debug] [2025-06-16T13:28:22.003Z] > command requires scopes: ["email","openid","https://www.googleapis.com/auth/cloudplatformprojects.readonly","https://www.googleapis.com/auth/firebase","https://www.googleapis.com/auth/cloud-platform"]
[debug] [2025-06-16T13:28:22.003Z] > authorizing via signed-in user (info@anthroposcity.com)
[debug] [2025-06-16T13:28:22.003Z] [iam] checking project anthroposcity-d37fb for permissions ["cloudfunctions.functions.create","cloudfunctions.functions.delete","cloudfunctions.functions.get","cloudfunctions.functions.list","cloudfunctions.functions.update","cloudfunctions.operations.get","firebase.projects.get"]
[debug] [2025-06-16T13:28:22.005Z] Checked if tokens are valid: true, expires at: 1750081963900
[debug] [2025-06-16T13:28:22.005Z] Checked if tokens are valid: true, expires at: 1750081963900
[debug] [2025-06-16T13:28:22.006Z] >>> [apiv2][query] POST https://cloudresourcemanager.googleapis.com/v1/projects/anthroposcity-d37fb:testIamPermissions [none]
[debug] [2025-06-16T13:28:22.006Z] >>> [apiv2][(partial)header] POST https://cloudresourcemanager.googleapis.com/v1/projects/anthroposcity-d37fb:testIamPermissions x-goog-quota-user=projects/anthroposcity-d37fb
[debug] [2025-06-16T13:28:22.007Z] >>> [apiv2][body] POST https://cloudresourcemanager.googleapis.com/v1/projects/anthroposcity-d37fb:testIamPermissions {"permissions":["cloudfunctions.functions.create","cloudfunctions.functions.delete","cloudfunctions.functions.get","cloudfunctions.functions.list","cloudfunctions.functions.update","cloudfunctions.operations.get","firebase.projects.get"]}
[debug] [2025-06-16T13:28:23.013Z] <<< [apiv2][status] POST https://cloudresourcemanager.googleapis.com/v1/projects/anthroposcity-d37fb:testIamPermissions 200
[debug] [2025-06-16T13:28:23.013Z] <<< [apiv2][body] POST https://cloudresourcemanager.googleapis.com/v1/projects/anthroposcity-d37fb:testIamPermissions {"permissions":["cloudfunctions.functions.create","cloudfunctions.functions.delete","cloudfunctions.functions.get","cloudfunctions.functions.list","cloudfunctions.functions.update","cloudfunctions.operations.get","firebase.projects.get"]}
[debug] [2025-06-16T13:28:23.014Z] Checked if tokens are valid: true, expires at: 1750081963900
[debug] [2025-06-16T13:28:23.014Z] Checked if tokens are valid: true, expires at: 1750081963900
[debug] [2025-06-16T13:28:23.014Z] >>> [apiv2][query] POST https://iam.googleapis.com/v1/projects/anthroposcity-d37fb/serviceAccounts/anthroposcity-d37fb@appspot.gserviceaccount.com:testIamPermissions [none]
[debug] [2025-06-16T13:28:23.014Z] >>> [apiv2][body] POST https://iam.googleapis.com/v1/projects/anthroposcity-d37fb/serviceAccounts/anthroposcity-d37fb@appspot.gserviceaccount.com:testIamPermissions {"permissions":["iam.serviceAccounts.actAs"]}
[debug] [2025-06-16T13:28:23.904Z] <<< [apiv2][status] POST https://iam.googleapis.com/v1/projects/anthroposcity-d37fb/serviceAccounts/anthroposcity-d37fb@appspot.gserviceaccount.com:testIamPermissions 200
[debug] [2025-06-16T13:28:23.904Z] <<< [apiv2][body] POST https://iam.googleapis.com/v1/projects/anthroposcity-d37fb/serviceAccounts/anthroposcity-d37fb@appspot.gserviceaccount.com:testIamPermissions {"permissions":["iam.serviceAccounts.actAs"]}
[info] 
[info] === Deploying to 'anthroposcity-d37fb'...
[info] 
[info] i  deploying functions 
[info] Running command: npm --prefix "$RESOURCE_DIR" run build
[info] +  functions: Finished running predeploy script. 
[debug] [2025-06-16T13:28:27.994Z] Checked if tokens are valid: true, expires at: 1750081963900
[debug] [2025-06-16T13:28:27.994Z] Checked if tokens are valid: true, expires at: 1750081963900
[debug] [2025-06-16T13:28:27.994Z] >>> [apiv2][query] GET https://cloudresourcemanager.googleapis.com/v1/projects/anthroposcity-d37fb [none]
[debug] [2025-06-16T13:28:29.006Z] <<< [apiv2][status] GET https://cloudresourcemanager.googleapis.com/v1/projects/anthroposcity-d37fb 200
[debug] [2025-06-16T13:28:29.007Z] <<< [apiv2][body] GET https://cloudresourcemanager.googleapis.com/v1/projects/anthroposcity-d37fb {"projectNumber":"176426161276","projectId":"anthroposcity-d37fb","lifecycleState":"ACTIVE","name":"anthroposcity","labels":{"firebase":"enabled","firebase-core":"disabled"},"createTime":"2025-06-14T10:46:05.021076Z","parent":{"type":"organization","id":"935051504326"}}
[info] i  functions: preparing codebase default for deployment 
[info] i  functions: ensuring required API cloudfunctions.googleapis.com is enabled... 
[debug] [2025-06-16T13:28:29.009Z] Checked if tokens are valid: true, expires at: 1750081963900
[debug] [2025-06-16T13:28:29.009Z] Checked if tokens are valid: true, expires at: 1750081963900
[debug] [2025-06-16T13:28:29.009Z] Checked if tokens are valid: true, expires at: 1750081963900
[debug] [2025-06-16T13:28:29.009Z] Checked if tokens are valid: true, expires at: 1750081963900
[info] i  functions: ensuring required API cloudbuild.googleapis.com is enabled... 
[debug] [2025-06-16T13:28:29.010Z] Checked if tokens are valid: true, expires at: 1750081963900
[debug] [2025-06-16T13:28:29.011Z] Checked if tokens are valid: true, expires at: 1750081963900
[info] i  artifactregistry: ensuring required API artifactregistry.googleapis.com is enabled... 
[debug] [2025-06-16T13:28:29.011Z] Checked if tokens are valid: true, expires at: 1750081963900
[debug] [2025-06-16T13:28:29.011Z] Checked if tokens are valid: true, expires at: 1750081963900
[debug] [2025-06-16T13:28:29.011Z] >>> [apiv2][query] GET https://serviceusage.googleapis.com/v1/projects/anthroposcity-d37fb/services/cloudfunctions.googleapis.com [none]
[debug] [2025-06-16T13:28:29.011Z] >>> [apiv2][(partial)header] GET https://serviceusage.googleapis.com/v1/projects/anthroposcity-d37fb/services/cloudfunctions.googleapis.com x-goog-quota-user=projects/anthroposcity-d37fb
[debug] [2025-06-16T13:28:29.014Z] >>> [apiv2][query] GET https://serviceusage.googleapis.com/v1/projects/anthroposcity-d37fb/services/runtimeconfig.googleapis.com [none]
[debug] [2025-06-16T13:28:29.014Z] >>> [apiv2][(partial)header] GET https://serviceusage.googleapis.com/v1/projects/anthroposcity-d37fb/services/runtimeconfig.googleapis.com x-goog-quota-user=projects/anthroposcity-d37fb
[debug] [2025-06-16T13:28:29.016Z] >>> [apiv2][query] GET https://serviceusage.googleapis.com/v1/projects/anthroposcity-d37fb/services/cloudbuild.googleapis.com [none]
[debug] [2025-06-16T13:28:29.016Z] >>> [apiv2][(partial)header] GET https://serviceusage.googleapis.com/v1/projects/anthroposcity-d37fb/services/cloudbuild.googleapis.com x-goog-quota-user=projects/anthroposcity-d37fb
[debug] [2025-06-16T13:28:29.018Z] >>> [apiv2][query] GET https://serviceusage.googleapis.com/v1/projects/anthroposcity-d37fb/services/artifactregistry.googleapis.com [none]
[debug] [2025-06-16T13:28:29.018Z] >>> [apiv2][(partial)header] GET https://serviceusage.googleapis.com/v1/projects/anthroposcity-d37fb/services/artifactregistry.googleapis.com x-goog-quota-user=projects/anthroposcity-d37fb
[debug] [2025-06-16T13:28:30.304Z] <<< [apiv2][status] GET https://serviceusage.googleapis.com/v1/projects/anthroposcity-d37fb/services/cloudbuild.googleapis.com 200
[debug] [2025-06-16T13:28:30.304Z] <<< [apiv2][body] GET https://serviceusage.googleapis.com/v1/projects/anthroposcity-d37fb/services/cloudbuild.googleapis.com [omitted]
[info] +  functions: required API cloudbuild.googleapis.com is enabled 
[debug] [2025-06-16T13:28:30.306Z] <<< [apiv2][status] GET https://serviceusage.googleapis.com/v1/projects/anthroposcity-d37fb/services/runtimeconfig.googleapis.com 200
[debug] [2025-06-16T13:28:30.306Z] <<< [apiv2][body] GET https://serviceusage.googleapis.com/v1/projects/anthroposcity-d37fb/services/runtimeconfig.googleapis.com [omitted]
[debug] [2025-06-16T13:28:30.308Z] <<< [apiv2][status] GET https://serviceusage.googleapis.com/v1/projects/anthroposcity-d37fb/services/artifactregistry.googleapis.com 200
[debug] [2025-06-16T13:28:30.308Z] <<< [apiv2][body] GET https://serviceusage.googleapis.com/v1/projects/anthroposcity-d37fb/services/artifactregistry.googleapis.com [omitted]
[info] +  artifactregistry: required API artifactregistry.googleapis.com is enabled 
[debug] [2025-06-16T13:28:30.311Z] <<< [apiv2][status] GET https://serviceusage.googleapis.com/v1/projects/anthroposcity-d37fb/services/cloudfunctions.googleapis.com 200
[debug] [2025-06-16T13:28:30.311Z] <<< [apiv2][body] GET https://serviceusage.googleapis.com/v1/projects/anthroposcity-d37fb/services/cloudfunctions.googleapis.com [omitted]
[info] +  functions: required API cloudfunctions.googleapis.com is enabled 
[debug] [2025-06-16T13:28:30.312Z] Checked if tokens are valid: true, expires at: 1750081963900
[debug] [2025-06-16T13:28:30.312Z] Checked if tokens are valid: true, expires at: 1750081963900
[debug] [2025-06-16T13:28:30.312Z] >>> [apiv2][query] GET https://firebase.googleapis.com/v1beta1/projects/anthroposcity-d37fb/adminSdkConfig [none]
[debug] [2025-06-16T13:28:30.774Z] <<< [apiv2][status] GET https://firebase.googleapis.com/v1beta1/projects/anthroposcity-d37fb/adminSdkConfig 200
[debug] [2025-06-16T13:28:30.774Z] <<< [apiv2][body] GET https://firebase.googleapis.com/v1beta1/projects/anthroposcity-d37fb/adminSdkConfig {"projectId":"anthroposcity-d37fb","storageBucket":"anthroposcity-d37fb.firebasestorage.app"}
[debug] [2025-06-16T13:28:30.775Z] Checked if tokens are valid: true, expires at: 1750081963900
[debug] [2025-06-16T13:28:30.775Z] Checked if tokens are valid: true, expires at: 1750081963900
[debug] [2025-06-16T13:28:30.775Z] >>> [apiv2][query] GET https://runtimeconfig.googleapis.com/v1beta1/projects/anthroposcity-d37fb/configs [none]
[debug] [2025-06-16T13:28:31.254Z] <<< [apiv2][status] GET https://runtimeconfig.googleapis.com/v1beta1/projects/anthroposcity-d37fb/configs 200
[debug] [2025-06-16T13:28:31.254Z] <<< [apiv2][body] GET https://runtimeconfig.googleapis.com/v1beta1/projects/anthroposcity-d37fb/configs {}
[debug] [2025-06-16T13:28:31.257Z] Validating nodejs source
[warn] !  functions: Runtime Node.js 18 was deprecated on 2025-04-30 and will be decommissioned on 2025-10-31, after which you will not be able to deploy without upgrading. Consider upgrading now to avoid disruption. See https://cloud.google.com/functions/docs/runtime-support for full details on the lifecycle policy 
[debug] [2025-06-16T13:28:32.375Z] > [functions] package.json contents: {
  "name": "functions",
  "scripts": {
    "build": "tsc",
    "build:watch": "tsc --watch",
    "serve": "npm run build && firebase emulators:start --only functions",
    "shell": "npm run build && firebase functions:shell",
    "start": "npm run shell",
    "deploy": "firebase deploy --only functions",
    "logs": "firebase functions:log"
  },
  "engines": {
    "node": "18"
  },
  "main": "lib/index.js",
  "dependencies": {
    "firebase-admin": "^12.6.0",
    "firebase-functions": "^6.3.2"
  },
  "devDependencies": {
    "typescript": "^4.9.0"
  },
  "private": true
}
[debug] [2025-06-16T13:28:32.376Z] Building nodejs source
[info] i  functions: Loading and analyzing source code for codebase default to determine what to deploy 
[debug] [2025-06-16T13:28:32.378Z] Could not find functions.yaml. Must use http discovery
[debug] [2025-06-16T13:28:32.395Z] Found firebase-functions binary at 'C:\Users\Kasparas\basic-ac-home - Copy\functions\node_modules\.bin\firebase-functions'
[info] Serving at port 8241

[debug] [2025-06-16T13:28:33.144Z] Got response from /__/functions.yaml {"endpoints":{"markVerified":{"platform":"gcfv1","labels":{},"availableMemoryMb":null,"timeoutSeconds":null,"minInstances":null,"maxInstances":null,"ingressSettings":null,"serviceAccountEmail":null,"vpc":null,"region":["europe-west1"],"callableTrigger":{},"entryPoint":"markVerified"}},"specVersion":"v1alpha1","requiredAPIs":[],"extensions":{}}
[info] i  extensions: ensuring required API firebaseextensions.googleapis.com is enabled... 
[debug] [2025-06-16T13:28:33.185Z] Checked if tokens are valid: true, expires at: 1750081963900
[debug] [2025-06-16T13:28:33.185Z] Checked if tokens are valid: true, expires at: 1750081963900
[debug] [2025-06-16T13:28:33.185Z] >>> [apiv2][query] GET https://serviceusage.googleapis.com/v1/projects/anthroposcity-d37fb/services/firebaseextensions.googleapis.com [none]
[debug] [2025-06-16T13:28:33.185Z] >>> [apiv2][(partial)header] GET https://serviceusage.googleapis.com/v1/projects/anthroposcity-d37fb/services/firebaseextensions.googleapis.com x-goog-quota-user=projects/anthroposcity-d37fb
[debug] [2025-06-16T13:28:34.454Z] <<< [apiv2][status] GET https://serviceusage.googleapis.com/v1/projects/anthroposcity-d37fb/services/firebaseextensions.googleapis.com 200
[debug] [2025-06-16T13:28:34.454Z] <<< [apiv2][body] GET https://serviceusage.googleapis.com/v1/projects/anthroposcity-d37fb/services/firebaseextensions.googleapis.com [omitted]
[info] +  extensions: required API firebaseextensions.googleapis.com is enabled 
[debug] [2025-06-16T13:28:34.455Z] > command requires scopes: ["email","openid","https://www.googleapis.com/auth/cloudplatformprojects.readonly","https://www.googleapis.com/auth/firebase","https://www.googleapis.com/auth/cloud-platform"]
[debug] [2025-06-16T13:28:34.455Z] > authorizing via signed-in user (info@anthroposcity.com)
[debug] [2025-06-16T13:28:34.455Z] [iam] checking project anthroposcity-d37fb for permissions ["firebase.projects.get","firebaseextensions.instances.list"]
[debug] [2025-06-16T13:28:34.456Z] Checked if tokens are valid: true, expires at: 1750081963900
[debug] [2025-06-16T13:28:34.456Z] Checked if tokens are valid: true, expires at: 1750081963900
[debug] [2025-06-16T13:28:34.456Z] >>> [apiv2][query] POST https://cloudresourcemanager.googleapis.com/v1/projects/anthroposcity-d37fb:testIamPermissions [none]
[debug] [2025-06-16T13:28:34.456Z] >>> [apiv2][(partial)header] POST https://cloudresourcemanager.googleapis.com/v1/projects/anthroposcity-d37fb:testIamPermissions x-goog-quota-user=projects/anthroposcity-d37fb
[debug] [2025-06-16T13:28:34.456Z] >>> [apiv2][body] POST https://cloudresourcemanager.googleapis.com/v1/projects/anthroposcity-d37fb:testIamPermissions {"permissions":["firebase.projects.get","firebaseextensions.instances.list"]}
[debug] [2025-06-16T13:28:34.807Z] <<< [apiv2][status] POST https://cloudresourcemanager.googleapis.com/v1/projects/anthroposcity-d37fb:testIamPermissions 200
[debug] [2025-06-16T13:28:34.807Z] <<< [apiv2][body] POST https://cloudresourcemanager.googleapis.com/v1/projects/anthroposcity-d37fb:testIamPermissions {"permissions":["firebase.projects.get","firebaseextensions.instances.list"]}
[debug] [2025-06-16T13:28:34.808Z] Checked if tokens are valid: true, expires at: 1750081963900
[debug] [2025-06-16T13:28:34.808Z] Checked if tokens are valid: true, expires at: 1750081963900
[debug] [2025-06-16T13:28:34.809Z] >>> [apiv2][query] GET https://firebaseextensions.googleapis.com/v1beta/projects/anthroposcity-d37fb/instances pageSize=100&pageToken=
[debug] [2025-06-16T13:28:36.051Z] <<< [apiv2][status] GET https://firebaseextensions.googleapis.com/v1beta/projects/anthroposcity-d37fb/instances 200
[debug] [2025-06-16T13:28:36.052Z] <<< [apiv2][body] GET https://firebaseextensions.googleapis.com/v1beta/projects/anthroposcity-d37fb/instances {}
[info] i  functions: preparing functions directory for uploading... 
[info] i  functions: packaged C:\Users\Kasparas\basic-ac-home - Copy\functions (70.98 KB) for uploading 
[debug] [2025-06-16T13:28:36.134Z] Checked if tokens are valid: true, expires at: 1750081963900
[debug] [2025-06-16T13:28:36.134Z] Checked if tokens are valid: true, expires at: 1750081963900
[debug] [2025-06-16T13:28:36.135Z] >>> [apiv2][query] GET https://cloudfunctions.googleapis.com/v1/projects/anthroposcity-d37fb/locations/-/functions [none]
[debug] [2025-06-16T13:28:37.022Z] <<< [apiv2][status] GET https://cloudfunctions.googleapis.com/v1/projects/anthroposcity-d37fb/locations/-/functions 200
[debug] [2025-06-16T13:28:37.022Z] <<< [apiv2][body] GET https://cloudfunctions.googleapis.com/v1/projects/anthroposcity-d37fb/locations/-/functions {}
[debug] [2025-06-16T13:28:37.022Z] Checked if tokens are valid: true, expires at: 1750081963900
[debug] [2025-06-16T13:28:37.022Z] Checked if tokens are valid: true, expires at: 1750081963900
[debug] [2025-06-16T13:28:37.023Z] >>> [apiv2][query] GET https://cloudfunctions.googleapis.com/v2/projects/anthroposcity-d37fb/locations/-/functions filter=environment%3D%22GEN_2%22
[debug] [2025-06-16T13:28:38.297Z] <<< [apiv2][status] GET https://cloudfunctions.googleapis.com/v2/projects/anthroposcity-d37fb/locations/-/functions 200
[debug] [2025-06-16T13:28:38.298Z] <<< [apiv2][body] GET https://cloudfunctions.googleapis.com/v2/projects/anthroposcity-d37fb/locations/-/functions {}
[debug] [2025-06-16T13:28:38.302Z] Checked if tokens are valid: true, expires at: 1750081963900
[debug] [2025-06-16T13:28:38.302Z] Checked if tokens are valid: true, expires at: 1750081963900
[debug] [2025-06-16T13:28:38.302Z] >>> [apiv2][query] GET https://cloudresourcemanager.googleapis.com/v1/projects/anthroposcity-d37fb [none]
[debug] [2025-06-16T13:28:39.253Z] <<< [apiv2][status] GET https://cloudresourcemanager.googleapis.com/v1/projects/anthroposcity-d37fb 200
[debug] [2025-06-16T13:28:39.253Z] <<< [apiv2][body] GET https://cloudresourcemanager.googleapis.com/v1/projects/anthroposcity-d37fb {"projectNumber":"176426161276","projectId":"anthroposcity-d37fb","lifecycleState":"ACTIVE","name":"anthroposcity","labels":{"firebase":"enabled","firebase-core":"disabled"},"createTime":"2025-06-14T10:46:05.021076Z","parent":{"type":"organization","id":"935051504326"}}
[debug] [2025-06-16T13:28:39.255Z] Checked if tokens are valid: true, expires at: 1750081963900
[debug] [2025-06-16T13:28:39.255Z] Checked if tokens are valid: true, expires at: 1750081963900
[debug] [2025-06-16T13:28:39.255Z] >>> [apiv2][query] GET https://cloudbilling.googleapis.com/v1/projects/anthroposcity-d37fb/billingInfo [none]
[debug] [2025-06-16T13:28:40.115Z] <<< [apiv2][status] GET https://cloudbilling.googleapis.com/v1/projects/anthroposcity-d37fb/billingInfo 200
[debug] [2025-06-16T13:28:40.115Z] <<< [apiv2][body] GET https://cloudbilling.googleapis.com/v1/projects/anthroposcity-d37fb/billingInfo {"name":"projects/anthroposcity-d37fb/billingInfo","projectId":"anthroposcity-d37fb","billingAccountName":"billingAccounts/013A08-A31BE2-8A8CC8","billingEnabled":true}
[debug] [2025-06-16T13:28:40.117Z] Checked if tokens are valid: true, expires at: 1750081963900
[debug] [2025-06-16T13:28:40.117Z] Checked if tokens are valid: true, expires at: 1750081963900
[debug] [2025-06-16T13:28:40.117Z] >>> [apiv2][query] POST https://cloudfunctions.googleapis.com/v1/projects/anthroposcity-d37fb/locations/europe-west1/functions:generateUploadUrl [none]
[debug] [2025-06-16T13:28:40.118Z] >>> [apiv2][body] POST https://cloudfunctions.googleapis.com/v1/projects/anthroposcity-d37fb/locations/europe-west1/functions:generateUploadUrl {}
[debug] [2025-06-16T13:28:40.937Z] <<< [apiv2][status] POST https://cloudfunctions.googleapis.com/v1/projects/anthroposcity-d37fb/locations/europe-west1/functions:generateUploadUrl 200
[debug] [2025-06-16T13:28:40.937Z] <<< [apiv2][body] POST https://cloudfunctions.googleapis.com/v1/projects/anthroposcity-d37fb/locations/europe-west1/functions:generateUploadUrl {"uploadUrl":"https://storage.googleapis.com/uploads-183568118582.europe-west1.cloudfunctions.appspot.com/1284cd5e-5414-437a-be19-3364f05d1b78.zip?GoogleAccessId=service-176426161276@gcf-admin-robot.iam.gserviceaccount.com&Expires=1750082302&Signature=O3f4A6S884RFb7HFp3kpjoL%2F6onuF88j%2BZBckU9qqKtkGGZhHkY2574%2FguMRNysGUolRwVL0VnODoXot0cPotT1NULKd9RsIcQ1rbY1s%2Bac9TJZZB5TKMPMnqMvXBPUyry9YMqTlOKi4fmHkkV%2BDTEOJGOtO7DIDE74Jn0%2Fj2%2BWgxeLGTR2msuTu7HodiWOsr8SsDvKZ2qdBDSc6a1NPk02LfQAWFJVZ2E4MWBVaI5hEnTK6MilVEtxnSAOaSiKkzC6ymyBKOqN8wsr4L0U8ONNDuUUVyEgPe8V%2FcDzcprvuGwOPuYlrK2zMHb3JssrAf8pzeONHMhJ%2FU2M4REKYAw%3D%3D"}
[debug] [2025-06-16T13:28:40.938Z] >>> [apiv2][query] PUT https://storage.googleapis.com/uploads-183568118582.europe-west1.cloudfunctions.appspot.com/1284cd5e-5414-437a-be19-3364f05d1b78.zip GoogleAccessId=service-176426161276%40gcf-admin-robot.iam.gserviceaccount.com&Expires=1750082302&Signature=O3f4A6S884RFb7HFp3kpjoL%2F6onuF88j%2BZBckU9qqKtkGGZhHkY2574%2FguMRNysGUolRwVL0VnODoXot0cPotT1NULKd9RsIcQ1rbY1s%2Bac9TJZZB5TKMPMnqMvXBPUyry9YMqTlOKi4fmHkkV%2BDTEOJGOtO7DIDE74Jn0%2Fj2%2BWgxeLGTR2msuTu7HodiWOsr8SsDvKZ2qdBDSc6a1NPk02LfQAWFJVZ2E4MWBVaI5hEnTK6MilVEtxnSAOaSiKkzC6ymyBKOqN8wsr4L0U8ONNDuUUVyEgPe8V%2FcDzcprvuGwOPuYlrK2zMHb3JssrAf8pzeONHMhJ%2FU2M4REKYAw%3D%3D
[debug] [2025-06-16T13:28:40.938Z] >>> [apiv2][body] PUT https://storage.googleapis.com/uploads-183568118582.europe-west1.cloudfunctions.appspot.com/1284cd5e-5414-437a-be19-3364f05d1b78.zip [stream]
[debug] [2025-06-16T13:28:41.487Z] <<< [apiv2][status] PUT https://storage.googleapis.com/uploads-183568118582.europe-west1.cloudfunctions.appspot.com/1284cd5e-5414-437a-be19-3364f05d1b78.zip 200
[debug] [2025-06-16T13:28:41.488Z] <<< [apiv2][body] PUT https://storage.googleapis.com/uploads-183568118582.europe-west1.cloudfunctions.appspot.com/1284cd5e-5414-437a-be19-3364f05d1b78.zip [omitted]
[info] +  functions: functions folder uploaded successfully 
[info] i  functions: creating Node.js 18 (1st Gen) function markVerified(europe-west1)... 
[debug] [2025-06-16T13:28:41.503Z] Checked if tokens are valid: true, expires at: 1750081963900
[debug] [2025-06-16T13:28:41.503Z] Checked if tokens are valid: true, expires at: 1750081963900
[debug] [2025-06-16T13:28:41.505Z] >>> [apiv2][query] POST https://cloudfunctions.googleapis.com/v1/projects/anthroposcity-d37fb/locations/europe-west1/functions [none]
[debug] [2025-06-16T13:28:41.506Z] >>> [apiv2][body] POST https://cloudfunctions.googleapis.com/v1/projects/anthroposcity-d37fb/locations/europe-west1/functions {"name":"projects/anthroposcity-d37fb/locations/europe-west1/functions/markVerified","sourceUploadUrl":"https://storage.googleapis.com/uploads-183568118582.europe-west1.cloudfunctions.appspot.com/1284cd5e-5414-437a-be19-3364f05d1b78.zip?GoogleAccessId=service-176426161276@gcf-admin-robot.iam.gserviceaccount.com&Expires=1750082302&Signature=O3f4A6S884RFb7HFp3kpjoL%2F6onuF88j%2BZBckU9qqKtkGGZhHkY2574%2FguMRNysGUolRwVL0VnODoXot0cPotT1NULKd9RsIcQ1rbY1s%2Bac9TJZZB5TKMPMnqMvXBPUyry9YMqTlOKi4fmHkkV%2BDTEOJGOtO7DIDE74Jn0%2Fj2%2BWgxeLGTR2msuTu7HodiWOsr8SsDvKZ2qdBDSc6a1NPk02LfQAWFJVZ2E4MWBVaI5hEnTK6MilVEtxnSAOaSiKkzC6ymyBKOqN8wsr4L0U8ONNDuUUVyEgPe8V%2FcDzcprvuGwOPuYlrK2zMHb3JssrAf8pzeONHMhJ%2FU2M4REKYAw%3D%3D","entryPoint":"markVerified","runtime":"nodejs18","dockerRegistry":"ARTIFACT_REGISTRY","labels":{"deployment-tool":"cli-firebase","deployment-callable":"true","firebase-functions-hash":"d05ed7d96679db6684b18ea72fd192bab90ebfc5"},"httpsTrigger":{"securityLevel":"SECURE_ALWAYS"},"minInstances":null,"maxInstances":null,"ingressSettings":null,"environmentVariables":{"FIREBASE_CONFIG":"{\"projectId\":\"anthroposcity-d37fb\",\"storageBucket\":\"anthroposcity-d37fb.firebasestorage.app\"}","GCLOUD_PROJECT":"anthroposcity-d37fb","EVENTARC_CLOUD_EVENT_SOURCE":"projects/anthroposcity-d37fb/locations/europe-west1/functions/markVerified"},"serviceAccountEmail":null,"availableMemoryMb":null,"timeout":null,"vpcConnector":null,"vpcConnectorEgressSettings":null,"buildEnvironmentVariables":{"GOOGLE_NODE_RUN_SCRIPTS":""}}
[debug] [2025-06-16T13:28:43.335Z] <<< [apiv2][status] POST https://cloudfunctions.googleapis.com/v1/projects/anthroposcity-d37fb/locations/europe-west1/functions 200
[debug] [2025-06-16T13:28:43.336Z] <<< [apiv2][body] POST https://cloudfunctions.googleapis.com/v1/projects/anthroposcity-d37fb/locations/europe-west1/functions {"name":"operations/cHJvamVjdHMvYW50aHJvcG9zY2l0eS1kMzdmYi9sb2NhdGlvbnMvZXVyb3BlLXdlc3QxL29wZXJhdGlvbnMvb3BlcmF0aW9uLTE3NTAwODA1MDI5NzktNjM3YjA1ZWI1NWEyZi0wMTg0YTI0MC1kNmJlMGViNw","metadata":{"@type":"type.googleapis.com/google.cloud.functions.v1.OperationMetadataV1","target":"projects/anthroposcity-d37fb/locations/europe-west1/functions/markVerified","updateTime":"2025-06-16T13:28:24.426973056Z"}}
[debug] [2025-06-16T13:28:43.337Z] Checked if tokens are valid: true, expires at: 1750081963900
[debug] [2025-06-16T13:28:43.337Z] Checked if tokens are valid: true, expires at: 1750081963900
[debug] [2025-06-16T13:28:43.337Z] >>> [apiv2][query] GET https://cloudfunctions.googleapis.com/v1/operations/cHJvamVjdHMvYW50aHJvcG9zY2l0eS1kMzdmYi9sb2NhdGlvbnMvZXVyb3BlLXdlc3QxL29wZXJhdGlvbnMvb3BlcmF0aW9uLTE3NTAwODA1MDI5NzktNjM3YjA1ZWI1NWEyZi0wMTg0YTI0MC1kNmJlMGViNw [none]
[debug] [2025-06-16T13:28:43.631Z] <<< [apiv2][status] GET https://cloudfunctions.googleapis.com/v1/operations/cHJvamVjdHMvYW50aHJvcG9zY2l0eS1kMzdmYi9sb2NhdGlvbnMvZXVyb3BlLXdlc3QxL29wZXJhdGlvbnMvb3BlcmF0aW9uLTE3NTAwODA1MDI5NzktNjM3YjA1ZWI1NWEyZi0wMTg0YTI0MC1kNmJlMGViNw 200
[debug] [2025-06-16T13:28:43.632Z] <<< [apiv2][body] GET https://cloudfunctions.googleapis.com/v1/operations/cHJvamVjdHMvYW50aHJvcG9zY2l0eS1kMzdmYi9sb2NhdGlvbnMvZXVyb3BlLXdlc3QxL29wZXJhdGlvbnMvb3BlcmF0aW9uLTE3NTAwODA1MDI5NzktNjM3YjA1ZWI1NWEyZi0wMTg0YTI0MC1kNmJlMGViNw {"name":"operations/cHJvamVjdHMvYW50aHJvcG9zY2l0eS1kMzdmYi9sb2NhdGlvbnMvZXVyb3BlLXdlc3QxL29wZXJhdGlvbnMvb3BlcmF0aW9uLTE3NTAwODA1MDI5NzktNjM3YjA1ZWI1NWEyZi0wMTg0YTI0MC1kNmJlMGViNw","metadata":{"@type":"type.googleapis.com/google.cloud.functions.v1.OperationMetadataV1","target":"projects/anthroposcity-d37fb/locations/europe-west1/functions/markVerified","updateTime":"2025-06-16T13:28:24.426973056Z"}}
[debug] [2025-06-16T13:28:44.140Z] [create-default-europe-west1-markVerified] Retrying task index 0
[debug] [2025-06-16T13:28:44.141Z] Checked if tokens are valid: true, expires at: 1750081963900
[debug] [2025-06-16T13:28:44.141Z] Checked if tokens are valid: true, expires at: 1750081963900
[debug] [2025-06-16T13:28:44.141Z] >>> [apiv2][query] GET https://cloudfunctions.googleapis.com/v1/operations/cHJvamVjdHMvYW50aHJvcG9zY2l0eS1kMzdmYi9sb2NhdGlvbnMvZXVyb3BlLXdlc3QxL29wZXJhdGlvbnMvb3BlcmF0aW9uLTE3NTAwODA1MDI5NzktNjM3YjA1ZWI1NWEyZi0wMTg0YTI0MC1kNmJlMGViNw [none]
[debug] [2025-06-16T13:28:44.504Z] <<< [apiv2][status] GET https://cloudfunctions.googleapis.com/v1/operations/cHJvamVjdHMvYW50aHJvcG9zY2l0eS1kMzdmYi9sb2NhdGlvbnMvZXVyb3BlLXdlc3QxL29wZXJhdGlvbnMvb3BlcmF0aW9uLTE3NTAwODA1MDI5NzktNjM3YjA1ZWI1NWEyZi0wMTg0YTI0MC1kNmJlMGViNw 200
[debug] [2025-06-16T13:28:44.505Z] <<< [apiv2][body] GET https://cloudfunctions.googleapis.com/v1/operations/cHJvamVjdHMvYW50aHJvcG9zY2l0eS1kMzdmYi9sb2NhdGlvbnMvZXVyb3BlLXdlc3QxL29wZXJhdGlvbnMvb3BlcmF0aW9uLTE3NTAwODA1MDI5NzktNjM3YjA1ZWI1NWEyZi0wMTg0YTI0MC1kNmJlMGViNw {"name":"operations/cHJvamVjdHMvYW50aHJvcG9zY2l0eS1kMzdmYi9sb2NhdGlvbnMvZXVyb3BlLXdlc3QxL29wZXJhdGlvbnMvb3BlcmF0aW9uLTE3NTAwODA1MDI5NzktNjM3YjA1ZWI1NWEyZi0wMTg0YTI0MC1kNmJlMGViNw","metadata":{"@type":"type.googleapis.com/google.cloud.functions.v1.OperationMetadataV1","target":"projects/anthroposcity-d37fb/locations/europe-west1/functions/markVerified","type":"CREATE_FUNCTION","request":{"@type":"type.googleapis.com/google.cloud.functions.v1.CloudFunction","name":"projects/anthroposcity-d37fb/locations/europe-west1/functions/markVerified","httpsTrigger":{"securityLevel":"SECURE_ALWAYS"},"entryPoint":"markVerified","updateTime":"1970-01-01T00:00:00Z","labels":{"deployment-tool":"cli-firebase","deployment-callable":"true","firebase-functions-hash":"d05ed7d96679db6684b18ea72fd192bab90ebfc5"},"sourceUploadUrl":"https://storage.googleapis.com/uploads-183568118582.europe-west1.cloudfunctions.appspot.com/1284cd5e-5414-437a-be19-3364f05d1b78.zip?GoogleAccessId=service-176426161276@gcf-admin-robot.iam.gserviceaccount.com&Expires=1750082302&Signature=O3f4A6S884RFb7HFp3kpjoL%2F6onuF88j%2BZBckU9qqKtkGGZhHkY2574%2FguMRNysGUolRwVL0VnODoXot0cPotT1NULKd9RsIcQ1rbY1s%2Bac9TJZZB5TKMPMnqMvXBPUyry9YMqTlOKi4fmHkkV%2BDTEOJGOtO7DIDE74Jn0%2Fj2%2BWgxeLGTR2msuTu7HodiWOsr8SsDvKZ2qdBDSc6a1NPk02LfQAWFJVZ2E4MWBVaI5hEnTK6MilVEtxnSAOaSiKkzC6ymyBKOqN8wsr4L0U8ONNDuUUVyEgPe8V%2FcDzcprvuGwOPuYlrK2zMHb3JssrAf8pzeONHMhJ%2FU2M4REKYAw%3D%3D","environmentVariables":{"FIREBASE_CONFIG":"{\"projectId\":\"anthroposcity-d37fb\",\"storageBucket\":\"anthroposcity-d37fb.firebasestorage.app\"}","GCLOUD_PROJECT":"anthroposcity-d37fb","EVENTARC_CLOUD_EVENT_SOURCE":"projects/anthroposcity-d37fb/locations/europe-west1/functions/markVerified"},"runtime":"nodejs18","buildEnvironmentVariables":{"GOOGLE_NODE_RUN_SCRIPTS":""},"dockerRegistry":"ARTIFACT_REGISTRY"},"versionId":"1","updateTime":"2025-06-16T13:28:24.426973056Z"}}
[debug] [2025-06-16T13:28:45.512Z] [create-default-europe-west1-markVerified] Retrying task index 0
[debug] [2025-06-16T13:28:45.513Z] Checked if tokens are valid: true, expires at: 1750081963900
[debug] [2025-06-16T13:28:45.513Z] Checked if tokens are valid: true, expires at: 1750081963900
[debug] [2025-06-16T13:28:45.513Z] >>> [apiv2][query] GET https://cloudfunctions.googleapis.com/v1/operations/cHJvamVjdHMvYW50aHJvcG9zY2l0eS1kMzdmYi9sb2NhdGlvbnMvZXVyb3BlLXdlc3QxL29wZXJhdGlvbnMvb3BlcmF0aW9uLTE3NTAwODA1MDI5NzktNjM3YjA1ZWI1NWEyZi0wMTg0YTI0MC1kNmJlMGViNw [none]
[debug] [2025-06-16T13:28:45.880Z] <<< [apiv2][status] GET https://cloudfunctions.googleapis.com/v1/operations/cHJvamVjdHMvYW50aHJvcG9zY2l0eS1kMzdmYi9sb2NhdGlvbnMvZXVyb3BlLXdlc3QxL29wZXJhdGlvbnMvb3BlcmF0aW9uLTE3NTAwODA1MDI5NzktNjM3YjA1ZWI1NWEyZi0wMTg0YTI0MC1kNmJlMGViNw 200
[debug] [2025-06-16T13:28:45.880Z] <<< [apiv2][body] GET https://cloudfunctions.googleapis.com/v1/operations/cHJvamVjdHMvYW50aHJvcG9zY2l0eS1kMzdmYi9sb2NhdGlvbnMvZXVyb3BlLXdlc3QxL29wZXJhdGlvbnMvb3BlcmF0aW9uLTE3NTAwODA1MDI5NzktNjM3YjA1ZWI1NWEyZi0wMTg0YTI0MC1kNmJlMGViNw {"name":"operations/cHJvamVjdHMvYW50aHJvcG9zY2l0eS1kMzdmYi9sb2NhdGlvbnMvZXVyb3BlLXdlc3QxL29wZXJhdGlvbnMvb3BlcmF0aW9uLTE3NTAwODA1MDI5NzktNjM3YjA1ZWI1NWEyZi0wMTg0YTI0MC1kNmJlMGViNw","metadata":{"@type":"type.googleapis.com/google.cloud.functions.v1.OperationMetadataV1","target":"projects/anthroposcity-d37fb/locations/europe-west1/functions/markVerified","type":"CREATE_FUNCTION","request":{"@type":"type.googleapis.com/google.cloud.functions.v1.CloudFunction","name":"projects/anthroposcity-d37fb/locations/europe-west1/functions/markVerified","httpsTrigger":{"securityLevel":"SECURE_ALWAYS"},"entryPoint":"markVerified","updateTime":"1970-01-01T00:00:00Z","labels":{"deployment-tool":"cli-firebase","deployment-callable":"true","firebase-functions-hash":"d05ed7d96679db6684b18ea72fd192bab90ebfc5"},"sourceUploadUrl":"https://storage.googleapis.com/uploads-183568118582.europe-west1.cloudfunctions.appspot.com/1284cd5e-5414-437a-be19-3364f05d1b78.zip?GoogleAccessId=service-176426161276@gcf-admin-robot.iam.gserviceaccount.com&Expires=1750082302&Signature=O3f4A6S884RFb7HFp3kpjoL%2F6onuF88j%2BZBckU9qqKtkGGZhHkY2574%2FguMRNysGUolRwVL0VnODoXot0cPotT1NULKd9RsIcQ1rbY1s%2Bac9TJZZB5TKMPMnqMvXBPUyry9YMqTlOKi4fmHkkV%2BDTEOJGOtO7DIDE74Jn0%2Fj2%2BWgxeLGTR2msuTu7HodiWOsr8SsDvKZ2qdBDSc6a1NPk02LfQAWFJVZ2E4MWBVaI5hEnTK6MilVEtxnSAOaSiKkzC6ymyBKOqN8wsr4L0U8ONNDuUUVyEgPe8V%2FcDzcprvuGwOPuYlrK2zMHb3JssrAf8pzeONHMhJ%2FU2M4REKYAw%3D%3D","environmentVariables":{"FIREBASE_CONFIG":"{\"projectId\":\"anthroposcity-d37fb\",\"storageBucket\":\"anthroposcity-d37fb.firebasestorage.app\"}","GCLOUD_PROJECT":"anthroposcity-d37fb","EVENTARC_CLOUD_EVENT_SOURCE":"projects/anthroposcity-d37fb/locations/europe-west1/functions/markVerified"},"runtime":"nodejs18","buildEnvironmentVariables":{"GOOGLE_NODE_RUN_SCRIPTS":""},"dockerRegistry":"ARTIFACT_REGISTRY"},"versionId":"1","updateTime":"2025-06-16T13:28:24.426973056Z"}}
[debug] [2025-06-16T13:28:47.882Z] [create-default-europe-west1-markVerified] Retrying task index 0
[debug] [2025-06-16T13:28:47.883Z] Checked if tokens are valid: true, expires at: 1750081963900
[debug] [2025-06-16T13:28:47.883Z] Checked if tokens are valid: true, expires at: 1750081963900
[debug] [2025-06-16T13:28:47.883Z] >>> [apiv2][query] GET https://cloudfunctions.googleapis.com/v1/operations/cHJvamVjdHMvYW50aHJvcG9zY2l0eS1kMzdmYi9sb2NhdGlvbnMvZXVyb3BlLXdlc3QxL29wZXJhdGlvbnMvb3BlcmF0aW9uLTE3NTAwODA1MDI5NzktNjM3YjA1ZWI1NWEyZi0wMTg0YTI0MC1kNmJlMGViNw [none]
[debug] [2025-06-16T13:28:48.165Z] <<< [apiv2][status] GET https://cloudfunctions.googleapis.com/v1/operations/cHJvamVjdHMvYW50aHJvcG9zY2l0eS1kMzdmYi9sb2NhdGlvbnMvZXVyb3BlLXdlc3QxL29wZXJhdGlvbnMvb3BlcmF0aW9uLTE3NTAwODA1MDI5NzktNjM3YjA1ZWI1NWEyZi0wMTg0YTI0MC1kNmJlMGViNw 200
[debug] [2025-06-16T13:28:48.166Z] <<< [apiv2][body] GET https://cloudfunctions.googleapis.com/v1/operations/cHJvamVjdHMvYW50aHJvcG9zY2l0eS1kMzdmYi9sb2NhdGlvbnMvZXVyb3BlLXdlc3QxL29wZXJhdGlvbnMvb3BlcmF0aW9uLTE3NTAwODA1MDI5NzktNjM3YjA1ZWI1NWEyZi0wMTg0YTI0MC1kNmJlMGViNw {"name":"operations/cHJvamVjdHMvYW50aHJvcG9zY2l0eS1kMzdmYi9sb2NhdGlvbnMvZXVyb3BlLXdlc3QxL29wZXJhdGlvbnMvb3BlcmF0aW9uLTE3NTAwODA1MDI5NzktNjM3YjA1ZWI1NWEyZi0wMTg0YTI0MC1kNmJlMGViNw","metadata":{"@type":"type.googleapis.com/google.cloud.functions.v1.OperationMetadataV1","target":"projects/anthroposcity-d37fb/locations/europe-west1/functions/markVerified","type":"CREATE_FUNCTION","request":{"@type":"type.googleapis.com/google.cloud.functions.v1.CloudFunction","name":"projects/anthroposcity-d37fb/locations/europe-west1/functions/markVerified","httpsTrigger":{"securityLevel":"SECURE_ALWAYS"},"entryPoint":"markVerified","updateTime":"1970-01-01T00:00:00Z","labels":{"deployment-tool":"cli-firebase","deployment-callable":"true","firebase-functions-hash":"d05ed7d96679db6684b18ea72fd192bab90ebfc5"},"sourceUploadUrl":"https://storage.googleapis.com/uploads-183568118582.europe-west1.cloudfunctions.appspot.com/1284cd5e-5414-437a-be19-3364f05d1b78.zip?GoogleAccessId=service-176426161276@gcf-admin-robot.iam.gserviceaccount.com&Expires=1750082302&Signature=O3f4A6S884RFb7HFp3kpjoL%2F6onuF88j%2BZBckU9qqKtkGGZhHkY2574%2FguMRNysGUolRwVL0VnODoXot0cPotT1NULKd9RsIcQ1rbY1s%2Bac9TJZZB5TKMPMnqMvXBPUyry9YMqTlOKi4fmHkkV%2BDTEOJGOtO7DIDE74Jn0%2Fj2%2BWgxeLGTR2msuTu7HodiWOsr8SsDvKZ2qdBDSc6a1NPk02LfQAWFJVZ2E4MWBVaI5hEnTK6MilVEtxnSAOaSiKkzC6ymyBKOqN8wsr4L0U8ONNDuUUVyEgPe8V%2FcDzcprvuGwOPuYlrK2zMHb3JssrAf8pzeONHMhJ%2FU2M4REKYAw%3D%3D","environmentVariables":{"FIREBASE_CONFIG":"{\"projectId\":\"anthroposcity-d37fb\",\"storageBucket\":\"anthroposcity-d37fb.firebasestorage.app\"}","GCLOUD_PROJECT":"anthroposcity-d37fb","EVENTARC_CLOUD_EVENT_SOURCE":"projects/anthroposcity-d37fb/locations/europe-west1/functions/markVerified"},"runtime":"nodejs18","buildEnvironmentVariables":{"GOOGLE_NODE_RUN_SCRIPTS":""},"dockerRegistry":"ARTIFACT_REGISTRY"},"versionId":"1","updateTime":"2025-06-16T13:28:24.426973056Z"}}
[debug] [2025-06-16T13:28:52.177Z] [create-default-europe-west1-markVerified] Retrying task index 0
[debug] [2025-06-16T13:28:52.178Z] Checked if tokens are valid: true, expires at: 1750081963900
[debug] [2025-06-16T13:28:52.178Z] Checked if tokens are valid: true, expires at: 1750081963900
[debug] [2025-06-16T13:28:52.178Z] >>> [apiv2][query] GET https://cloudfunctions.googleapis.com/v1/operations/cHJvamVjdHMvYW50aHJvcG9zY2l0eS1kMzdmYi9sb2NhdGlvbnMvZXVyb3BlLXdlc3QxL29wZXJhdGlvbnMvb3BlcmF0aW9uLTE3NTAwODA1MDI5NzktNjM3YjA1ZWI1NWEyZi0wMTg0YTI0MC1kNmJlMGViNw [none]
[debug] [2025-06-16T13:28:52.537Z] <<< [apiv2][status] GET https://cloudfunctions.googleapis.com/v1/operations/cHJvamVjdHMvYW50aHJvcG9zY2l0eS1kMzdmYi9sb2NhdGlvbnMvZXVyb3BlLXdlc3QxL29wZXJhdGlvbnMvb3BlcmF0aW9uLTE3NTAwODA1MDI5NzktNjM3YjA1ZWI1NWEyZi0wMTg0YTI0MC1kNmJlMGViNw 200
[debug] [2025-06-16T13:28:52.537Z] <<< [apiv2][body] GET https://cloudfunctions.googleapis.com/v1/operations/cHJvamVjdHMvYW50aHJvcG9zY2l0eS1kMzdmYi9sb2NhdGlvbnMvZXVyb3BlLXdlc3QxL29wZXJhdGlvbnMvb3BlcmF0aW9uLTE3NTAwODA1MDI5NzktNjM3YjA1ZWI1NWEyZi0wMTg0YTI0MC1kNmJlMGViNw {"name":"operations/cHJvamVjdHMvYW50aHJvcG9zY2l0eS1kMzdmYi9sb2NhdGlvbnMvZXVyb3BlLXdlc3QxL29wZXJhdGlvbnMvb3BlcmF0aW9uLTE3NTAwODA1MDI5NzktNjM3YjA1ZWI1NWEyZi0wMTg0YTI0MC1kNmJlMGViNw","metadata":{"@type":"type.googleapis.com/google.cloud.functions.v1.OperationMetadataV1","target":"projects/anthroposcity-d37fb/locations/europe-west1/functions/markVerified","type":"CREATE_FUNCTION","request":{"@type":"type.googleapis.com/google.cloud.functions.v1.CloudFunction","name":"projects/anthroposcity-d37fb/locations/europe-west1/functions/markVerified","httpsTrigger":{"securityLevel":"SECURE_ALWAYS"},"entryPoint":"markVerified","updateTime":"1970-01-01T00:00:00Z","labels":{"deployment-tool":"cli-firebase","deployment-callable":"true","firebase-functions-hash":"d05ed7d96679db6684b18ea72fd192bab90ebfc5"},"sourceUploadUrl":"https://storage.googleapis.com/uploads-183568118582.europe-west1.cloudfunctions.appspot.com/1284cd5e-5414-437a-be19-3364f05d1b78.zip?GoogleAccessId=service-176426161276@gcf-admin-robot.iam.gserviceaccount.com&Expires=1750082302&Signature=O3f4A6S884RFb7HFp3kpjoL%2F6onuF88j%2BZBckU9qqKtkGGZhHkY2574%2FguMRNysGUolRwVL0VnODoXot0cPotT1NULKd9RsIcQ1rbY1s%2Bac9TJZZB5TKMPMnqMvXBPUyry9YMqTlOKi4fmHkkV%2BDTEOJGOtO7DIDE74Jn0%2Fj2%2BWgxeLGTR2msuTu7HodiWOsr8SsDvKZ2qdBDSc6a1NPk02LfQAWFJVZ2E4MWBVaI5hEnTK6MilVEtxnSAOaSiKkzC6ymyBKOqN8wsr4L0U8ONNDuUUVyEgPe8V%2FcDzcprvuGwOPuYlrK2zMHb3JssrAf8pzeONHMhJ%2FU2M4REKYAw%3D%3D","environmentVariables":{"FIREBASE_CONFIG":"{\"projectId\":\"anthroposcity-d37fb\",\"storageBucket\":\"anthroposcity-d37fb.firebasestorage.app\"}","GCLOUD_PROJECT":"anthroposcity-d37fb","EVENTARC_CLOUD_EVENT_SOURCE":"projects/anthroposcity-d37fb/locations/europe-west1/functions/markVerified"},"runtime":"nodejs18","buildEnvironmentVariables":{"GOOGLE_NODE_RUN_SCRIPTS":""},"dockerRegistry":"ARTIFACT_REGISTRY"},"versionId":"1","updateTime":"2025-06-16T13:28:24.426973056Z"}}
[debug] [2025-06-16T13:29:00.551Z] [create-default-europe-west1-markVerified] Retrying task index 0
[debug] [2025-06-16T13:29:00.551Z] Checked if tokens are valid: true, expires at: 1750081963900
[debug] [2025-06-16T13:29:00.551Z] Checked if tokens are valid: true, expires at: 1750081963900
[debug] [2025-06-16T13:29:00.551Z] >>> [apiv2][query] GET https://cloudfunctions.googleapis.com/v1/operations/cHJvamVjdHMvYW50aHJvcG9zY2l0eS1kMzdmYi9sb2NhdGlvbnMvZXVyb3BlLXdlc3QxL29wZXJhdGlvbnMvb3BlcmF0aW9uLTE3NTAwODA1MDI5NzktNjM3YjA1ZWI1NWEyZi0wMTg0YTI0MC1kNmJlMGViNw [none]
[debug] [2025-06-16T13:29:00.938Z] <<< [apiv2][status] GET https://cloudfunctions.googleapis.com/v1/operations/cHJvamVjdHMvYW50aHJvcG9zY2l0eS1kMzdmYi9sb2NhdGlvbnMvZXVyb3BlLXdlc3QxL29wZXJhdGlvbnMvb3BlcmF0aW9uLTE3NTAwODA1MDI5NzktNjM3YjA1ZWI1NWEyZi0wMTg0YTI0MC1kNmJlMGViNw 200
[debug] [2025-06-16T13:29:00.938Z] <<< [apiv2][body] GET https://cloudfunctions.googleapis.com/v1/operations/cHJvamVjdHMvYW50aHJvcG9zY2l0eS1kMzdmYi9sb2NhdGlvbnMvZXVyb3BlLXdlc3QxL29wZXJhdGlvbnMvb3BlcmF0aW9uLTE3NTAwODA1MDI5NzktNjM3YjA1ZWI1NWEyZi0wMTg0YTI0MC1kNmJlMGViNw {"name":"operations/cHJvamVjdHMvYW50aHJvcG9zY2l0eS1kMzdmYi9sb2NhdGlvbnMvZXVyb3BlLXdlc3QxL29wZXJhdGlvbnMvb3BlcmF0aW9uLTE3NTAwODA1MDI5NzktNjM3YjA1ZWI1NWEyZi0wMTg0YTI0MC1kNmJlMGViNw","metadata":{"@type":"type.googleapis.com/google.cloud.functions.v1.OperationMetadataV1","target":"projects/anthroposcity-d37fb/locations/europe-west1/functions/markVerified","type":"CREATE_FUNCTION","request":{"@type":"type.googleapis.com/google.cloud.functions.v1.CloudFunction","name":"projects/anthroposcity-d37fb/locations/europe-west1/functions/markVerified","httpsTrigger":{"securityLevel":"SECURE_ALWAYS"},"entryPoint":"markVerified","updateTime":"1970-01-01T00:00:00Z","labels":{"deployment-tool":"cli-firebase","deployment-callable":"true","firebase-functions-hash":"d05ed7d96679db6684b18ea72fd192bab90ebfc5"},"sourceUploadUrl":"https://storage.googleapis.com/uploads-183568118582.europe-west1.cloudfunctions.appspot.com/1284cd5e-5414-437a-be19-3364f05d1b78.zip?GoogleAccessId=service-176426161276@gcf-admin-robot.iam.gserviceaccount.com&Expires=1750082302&Signature=O3f4A6S884RFb7HFp3kpjoL%2F6onuF88j%2BZBckU9qqKtkGGZhHkY2574%2FguMRNysGUolRwVL0VnODoXot0cPotT1NULKd9RsIcQ1rbY1s%2Bac9TJZZB5TKMPMnqMvXBPUyry9YMqTlOKi4fmHkkV%2BDTEOJGOtO7DIDE74Jn0%2Fj2%2BWgxeLGTR2msuTu7HodiWOsr8SsDvKZ2qdBDSc6a1NPk02LfQAWFJVZ2E4MWBVaI5hEnTK6MilVEtxnSAOaSiKkzC6ymyBKOqN8wsr4L0U8ONNDuUUVyEgPe8V%2FcDzcprvuGwOPuYlrK2zMHb3JssrAf8pzeONHMhJ%2FU2M4REKYAw%3D%3D","environmentVariables":{"FIREBASE_CONFIG":"{\"projectId\":\"anthroposcity-d37fb\",\"storageBucket\":\"anthroposcity-d37fb.firebasestorage.app\"}","GCLOUD_PROJECT":"anthroposcity-d37fb","EVENTARC_CLOUD_EVENT_SOURCE":"projects/anthroposcity-d37fb/locations/europe-west1/functions/markVerified"},"runtime":"nodejs18","buildEnvironmentVariables":{"GOOGLE_NODE_RUN_SCRIPTS":""},"dockerRegistry":"ARTIFACT_REGISTRY"},"versionId":"1","updateTime":"2025-06-16T13:28:24.426973056Z","buildId":"2115d023-8ddb-4aff-8f4f-d778e50f3870","buildName":"projects/176426161276/locations/europe-west1/builds/2115d023-8ddb-4aff-8f4f-d778e50f3870"}}
[debug] [2025-06-16T13:29:10.943Z] [create-default-europe-west1-markVerified] Retrying task index 0
[debug] [2025-06-16T13:29:10.943Z] Checked if tokens are valid: true, expires at: 1750081963900
[debug] [2025-06-16T13:29:10.943Z] Checked if tokens are valid: true, expires at: 1750081963900
[debug] [2025-06-16T13:29:10.943Z] >>> [apiv2][query] GET https://cloudfunctions.googleapis.com/v1/operations/cHJvamVjdHMvYW50aHJvcG9zY2l0eS1kMzdmYi9sb2NhdGlvbnMvZXVyb3BlLXdlc3QxL29wZXJhdGlvbnMvb3BlcmF0aW9uLTE3NTAwODA1MDI5NzktNjM3YjA1ZWI1NWEyZi0wMTg0YTI0MC1kNmJlMGViNw [none]
[debug] [2025-06-16T13:29:11.190Z] <<< [apiv2][status] GET https://cloudfunctions.googleapis.com/v1/operations/cHJvamVjdHMvYW50aHJvcG9zY2l0eS1kMzdmYi9sb2NhdGlvbnMvZXVyb3BlLXdlc3QxL29wZXJhdGlvbnMvb3BlcmF0aW9uLTE3NTAwODA1MDI5NzktNjM3YjA1ZWI1NWEyZi0wMTg0YTI0MC1kNmJlMGViNw 200
[debug] [2025-06-16T13:29:11.190Z] <<< [apiv2][body] GET https://cloudfunctions.googleapis.com/v1/operations/cHJvamVjdHMvYW50aHJvcG9zY2l0eS1kMzdmYi9sb2NhdGlvbnMvZXVyb3BlLXdlc3QxL29wZXJhdGlvbnMvb3BlcmF0aW9uLTE3NTAwODA1MDI5NzktNjM3YjA1ZWI1NWEyZi0wMTg0YTI0MC1kNmJlMGViNw {"name":"operations/cHJvamVjdHMvYW50aHJvcG9zY2l0eS1kMzdmYi9sb2NhdGlvbnMvZXVyb3BlLXdlc3QxL29wZXJhdGlvbnMvb3BlcmF0aW9uLTE3NTAwODA1MDI5NzktNjM3YjA1ZWI1NWEyZi0wMTg0YTI0MC1kNmJlMGViNw","metadata":{"@type":"type.googleapis.com/google.cloud.functions.v1.OperationMetadataV1","target":"projects/anthroposcity-d37fb/locations/europe-west1/functions/markVerified","type":"CREATE_FUNCTION","request":{"@type":"type.googleapis.com/google.cloud.functions.v1.CloudFunction","name":"projects/anthroposcity-d37fb/locations/europe-west1/functions/markVerified","httpsTrigger":{"securityLevel":"SECURE_ALWAYS"},"entryPoint":"markVerified","updateTime":"1970-01-01T00:00:00Z","labels":{"deployment-tool":"cli-firebase","deployment-callable":"true","firebase-functions-hash":"d05ed7d96679db6684b18ea72fd192bab90ebfc5"},"sourceUploadUrl":"https://storage.googleapis.com/uploads-183568118582.europe-west1.cloudfunctions.appspot.com/1284cd5e-5414-437a-be19-3364f05d1b78.zip?GoogleAccessId=service-176426161276@gcf-admin-robot.iam.gserviceaccount.com&Expires=1750082302&Signature=O3f4A6S884RFb7HFp3kpjoL%2F6onuF88j%2BZBckU9qqKtkGGZhHkY2574%2FguMRNysGUolRwVL0VnODoXot0cPotT1NULKd9RsIcQ1rbY1s%2Bac9TJZZB5TKMPMnqMvXBPUyry9YMqTlOKi4fmHkkV%2BDTEOJGOtO7DIDE74Jn0%2Fj2%2BWgxeLGTR2msuTu7HodiWOsr8SsDvKZ2qdBDSc6a1NPk02LfQAWFJVZ2E4MWBVaI5hEnTK6MilVEtxnSAOaSiKkzC6ymyBKOqN8wsr4L0U8ONNDuUUVyEgPe8V%2FcDzcprvuGwOPuYlrK2zMHb3JssrAf8pzeONHMhJ%2FU2M4REKYAw%3D%3D","environmentVariables":{"FIREBASE_CONFIG":"{\"projectId\":\"anthroposcity-d37fb\",\"storageBucket\":\"anthroposcity-d37fb.firebasestorage.app\"}","GCLOUD_PROJECT":"anthroposcity-d37fb","EVENTARC_CLOUD_EVENT_SOURCE":"projects/anthroposcity-d37fb/locations/europe-west1/functions/markVerified"},"runtime":"nodejs18","buildEnvironmentVariables":{"GOOGLE_NODE_RUN_SCRIPTS":""},"dockerRegistry":"ARTIFACT_REGISTRY"},"versionId":"1","updateTime":"2025-06-16T13:28:24.426973056Z","buildId":"2115d023-8ddb-4aff-8f4f-d778e50f3870","buildName":"projects/176426161276/locations/europe-west1/builds/2115d023-8ddb-4aff-8f4f-d778e50f3870"}}
[debug] [2025-06-16T13:29:21.198Z] [create-default-europe-west1-markVerified] Retrying task index 0
[debug] [2025-06-16T13:29:21.199Z] Checked if tokens are valid: true, expires at: 1750081963900
[debug] [2025-06-16T13:29:21.199Z] Checked if tokens are valid: true, expires at: 1750081963900
[debug] [2025-06-16T13:29:21.199Z] >>> [apiv2][query] GET https://cloudfunctions.googleapis.com/v1/operations/cHJvamVjdHMvYW50aHJvcG9zY2l0eS1kMzdmYi9sb2NhdGlvbnMvZXVyb3BlLXdlc3QxL29wZXJhdGlvbnMvb3BlcmF0aW9uLTE3NTAwODA1MDI5NzktNjM3YjA1ZWI1NWEyZi0wMTg0YTI0MC1kNmJlMGViNw [none]
[debug] [2025-06-16T13:29:21.519Z] <<< [apiv2][status] GET https://cloudfunctions.googleapis.com/v1/operations/cHJvamVjdHMvYW50aHJvcG9zY2l0eS1kMzdmYi9sb2NhdGlvbnMvZXVyb3BlLXdlc3QxL29wZXJhdGlvbnMvb3BlcmF0aW9uLTE3NTAwODA1MDI5NzktNjM3YjA1ZWI1NWEyZi0wMTg0YTI0MC1kNmJlMGViNw 200
[debug] [2025-06-16T13:29:21.520Z] <<< [apiv2][body] GET https://cloudfunctions.googleapis.com/v1/operations/cHJvamVjdHMvYW50aHJvcG9zY2l0eS1kMzdmYi9sb2NhdGlvbnMvZXVyb3BlLXdlc3QxL29wZXJhdGlvbnMvb3BlcmF0aW9uLTE3NTAwODA1MDI5NzktNjM3YjA1ZWI1NWEyZi0wMTg0YTI0MC1kNmJlMGViNw {"name":"operations/cHJvamVjdHMvYW50aHJvcG9zY2l0eS1kMzdmYi9sb2NhdGlvbnMvZXVyb3BlLXdlc3QxL29wZXJhdGlvbnMvb3BlcmF0aW9uLTE3NTAwODA1MDI5NzktNjM3YjA1ZWI1NWEyZi0wMTg0YTI0MC1kNmJlMGViNw","metadata":{"@type":"type.googleapis.com/google.cloud.functions.v1.OperationMetadataV1","target":"projects/anthroposcity-d37fb/locations/europe-west1/functions/markVerified","type":"CREATE_FUNCTION","request":{"@type":"type.googleapis.com/google.cloud.functions.v1.CloudFunction","name":"projects/anthroposcity-d37fb/locations/europe-west1/functions/markVerified","httpsTrigger":{"securityLevel":"SECURE_ALWAYS"},"entryPoint":"markVerified","updateTime":"1970-01-01T00:00:00Z","labels":{"deployment-tool":"cli-firebase","deployment-callable":"true","firebase-functions-hash":"d05ed7d96679db6684b18ea72fd192bab90ebfc5"},"sourceUploadUrl":"https://storage.googleapis.com/uploads-183568118582.europe-west1.cloudfunctions.appspot.com/1284cd5e-5414-437a-be19-3364f05d1b78.zip?GoogleAccessId=service-176426161276@gcf-admin-robot.iam.gserviceaccount.com&Expires=1750082302&Signature=O3f4A6S884RFb7HFp3kpjoL%2F6onuF88j%2BZBckU9qqKtkGGZhHkY2574%2FguMRNysGUolRwVL0VnODoXot0cPotT1NULKd9RsIcQ1rbY1s%2Bac9TJZZB5TKMPMnqMvXBPUyry9YMqTlOKi4fmHkkV%2BDTEOJGOtO7DIDE74Jn0%2Fj2%2BWgxeLGTR2msuTu7HodiWOsr8SsDvKZ2qdBDSc6a1NPk02LfQAWFJVZ2E4MWBVaI5hEnTK6MilVEtxnSAOaSiKkzC6ymyBKOqN8wsr4L0U8ONNDuUUVyEgPe8V%2FcDzcprvuGwOPuYlrK2zMHb3JssrAf8pzeONHMhJ%2FU2M4REKYAw%3D%3D","environmentVariables":{"FIREBASE_CONFIG":"{\"projectId\":\"anthroposcity-d37fb\",\"storageBucket\":\"anthroposcity-d37fb.firebasestorage.app\"}","GCLOUD_PROJECT":"anthroposcity-d37fb","EVENTARC_CLOUD_EVENT_SOURCE":"projects/anthroposcity-d37fb/locations/europe-west1/functions/markVerified"},"runtime":"nodejs18","buildEnvironmentVariables":{"GOOGLE_NODE_RUN_SCRIPTS":""},"dockerRegistry":"ARTIFACT_REGISTRY"},"versionId":"1","updateTime":"2025-06-16T13:28:55.060527073Z","buildId":"2115d023-8ddb-4aff-8f4f-d778e50f3870","buildName":"projects/176426161276/locations/europe-west1/builds/2115d023-8ddb-4aff-8f4f-d778e50f3870"},"done":true,"error":{"code":3,"message":"Gen1 operation for function projects/anthroposcity-d37fb/locations/europe-west1/functions/markVerified failed: Build failed: Access to bucket gcf-sources-176426161276-europe-west1 denied. You must grant Storage Object Viewer permission to 176426161276-compute@developer.gserviceaccount.com. If you are using VPC Service Controls, you must also grant it access to your service perimeter.\n."}}
[debug] [2025-06-16T13:29:21.520Z] Got source token undefined for region europe-west1
[error] Gen1 operation for function projects/anthroposcity-d37fb/locations/europe-west1/functions/markVerified failed: Build failed: Access to bucket gcf-sources-176426161276-europe-west1 denied. You must grant Storage Object Viewer permission to 176426161276-compute@developer.gserviceaccount.com. If you are using VPC Service Controls, you must also grant it access to your service perimeter.
.
[debug] [2025-06-16T13:29:21.537Z] Total Function Deployment time: 40031
[debug] [2025-06-16T13:29:21.537Z] 1 Functions Deployed
[debug] [2025-06-16T13:29:21.537Z] 1 Functions Errored
[debug] [2025-06-16T13:29:21.537Z] 0 Function Deployments Aborted
[debug] [2025-06-16T13:29:21.537Z] Average Function Deployment time: 40026
[info] 
[info] Functions deploy had errors with the following functions:
	markVerified(europe-west1)
[info] i  functions: cleaning up build files... 
[debug] [2025-06-16T13:29:21.814Z] Checked if tokens are valid: true, expires at: 1750081963900
[debug] [2025-06-16T13:29:21.814Z] Checked if tokens are valid: true, expires at: 1750081963900
[debug] [2025-06-16T13:29:21.815Z] Checked if tokens are valid: true, expires at: 1750081963900
[debug] [2025-06-16T13:29:21.816Z] Checked if tokens are valid: true, expires at: 1750081963900
[debug] [2025-06-16T13:29:21.816Z] >>> [apiv2][query] DELETE https://artifactregistry.googleapis.com/v1/projects/anthroposcity-d37fb/locations/europe-west1/repositories/gcf-artifacts/packages/mark_verified [none]
[debug] [2025-06-16T13:29:21.818Z] >>> [apiv2][query] GET https://eu.gcr.io/v2/anthroposcity-d37fb/gcf/europe-west1/tags/list [none]
[debug] [2025-06-16T13:29:22.144Z] <<< [apiv2][status] GET https://eu.gcr.io/v2/anthroposcity-d37fb/gcf/europe-west1/tags/list 404
[debug] [2025-06-16T13:29:22.145Z] <<< [apiv2][body] GET https://eu.gcr.io/v2/anthroposcity-d37fb/gcf/europe-west1/tags/list {"errors":[{"code":"NAME_UNKNOWN","message":"Repository \"eu.gcr.io\" not found"}]}
[debug] [2025-06-16T13:29:22.145Z] Failed docker command with error  Request to https://eu.gcr.io/v2/anthroposcity-d37fb/gcf/europe-west1/tags/list had HTTP Error: 404, Not Found {"name":"FirebaseError","children":[],"context":{"body":{"errors":[{"code":"NAME_UNKNOWN","message":"Repository \"eu.gcr.io\" not found"}],"error":{"message":"Not Found"}},"response":{"statusCode":404}},"exit":1,"message":"Request to https://eu.gcr.io/v2/anthroposcity-d37fb/gcf/europe-west1/tags/list had HTTP Error: 404, Not Found","status":404}
[debug] [2025-06-16T13:29:22.158Z] Checked if tokens are valid: true, expires at: 1750081963900
[debug] [2025-06-16T13:29:22.158Z] Checked if tokens are valid: true, expires at: 1750081963900
[debug] [2025-06-16T13:29:22.159Z] >>> [apiv2][query] GET https://eu.gcr.io/v2/anthroposcity-d37fb/gcf/europe-west1/tags/list [none]
[debug] [2025-06-16T13:29:22.229Z] <<< [apiv2][status] DELETE https://artifactregistry.googleapis.com/v1/projects/anthroposcity-d37fb/locations/europe-west1/repositories/gcf-artifacts/packages/mark_verified 404
[debug] [2025-06-16T13:29:22.229Z] <<< [apiv2][body] DELETE https://artifactregistry.googleapis.com/v1/projects/anthroposcity-d37fb/locations/europe-west1/repositories/gcf-artifacts/packages/mark_verified {"error":{"code":404,"message":"Package \"projects/anthroposcity-d37fb/locations/europe-west1/repositories/gcf-artifacts/packages/mark_verified\" was not found.","status":"NOT_FOUND"}}
[debug] [2025-06-16T13:29:22.415Z] <<< [apiv2][status] GET https://eu.gcr.io/v2/anthroposcity-d37fb/gcf/europe-west1/tags/list 404
[debug] [2025-06-16T13:29:22.416Z] <<< [apiv2][body] GET https://eu.gcr.io/v2/anthroposcity-d37fb/gcf/europe-west1/tags/list {"errors":[{"code":"NAME_UNKNOWN","message":"Repository \"eu.gcr.io\" not found"}]}
[debug] [2025-06-16T13:29:22.416Z] Failed docker command with error  Request to https://eu.gcr.io/v2/anthroposcity-d37fb/gcf/europe-west1/tags/list had HTTP Error: 404, Not Found {"name":"FirebaseError","children":[],"context":{"body":{"errors":[{"code":"NAME_UNKNOWN","message":"Repository \"eu.gcr.io\" not found"}],"error":{"message":"Not Found"}},"response":{"statusCode":404}},"exit":1,"message":"Request to https://eu.gcr.io/v2/anthroposcity-d37fb/gcf/europe-west1/tags/list had HTTP Error: 404, Not Found","status":404}
[debug] [2025-06-16T13:29:22.531Z] Checked if tokens are valid: true, expires at: 1750081963900
[debug] [2025-06-16T13:29:22.531Z] Checked if tokens are valid: true, expires at: 1750081963900
[debug] [2025-06-16T13:29:22.531Z] >>> [apiv2][query] GET https://eu.gcr.io/v2/anthroposcity-d37fb/gcf/europe-west1/tags/list [none]
[debug] [2025-06-16T13:29:22.807Z] <<< [apiv2][status] GET https://eu.gcr.io/v2/anthroposcity-d37fb/gcf/europe-west1/tags/list 404
[debug] [2025-06-16T13:29:22.807Z] <<< [apiv2][body] GET https://eu.gcr.io/v2/anthroposcity-d37fb/gcf/europe-west1/tags/list {"errors":[{"code":"NAME_UNKNOWN","message":"Repository \"eu.gcr.io\" not found"}]}
[debug] [2025-06-16T13:29:22.808Z] Failed docker command with error  Request to https://eu.gcr.io/v2/anthroposcity-d37fb/gcf/europe-west1/tags/list had HTTP Error: 404, Not Found {"name":"FirebaseError","children":[],"context":{"body":{"errors":[{"code":"NAME_UNKNOWN","message":"Repository \"eu.gcr.io\" not found"}],"error":{"message":"Not Found"}},"response":{"statusCode":404}},"exit":1,"message":"Request to https://eu.gcr.io/v2/anthroposcity-d37fb/gcf/europe-west1/tags/list had HTTP Error: 404, Not Found","status":404}
[warn] !  functions: Unhandled error cleaning up build images. This could result in a small monthly bill if not corrected. You can attempt to delete these images by redeploying or you can delete them manually at https://console.cloud.google.com/gcr/images/anthroposcity-d37fb/eu/gcf 
[debug] [2025-06-16T13:29:22.808Z] Functions deploy failed.
[debug] [2025-06-16T13:29:22.809Z] {
  "endpoint": {
    "id": "markVerified",
    "project": "anthroposcity-d37fb",
    "region": "europe-west1",
    "entryPoint": "markVerified",
    "platform": "gcfv1",
    "runtime": "nodejs18",
    "callableTrigger": {},
    "labels": {
      "deployment-tool": "cli-firebase"
    },
    "ingressSettings": null,
    "availableMemoryMb": null,
    "serviceAccount": null,
    "timeoutSeconds": null,
    "maxInstances": null,
    "minInstances": null,
    "vpc": null,
    "environmentVariables": {
      "FIREBASE_CONFIG": "{\"projectId\":\"anthroposcity-d37fb\",\"storageBucket\":\"anthroposcity-d37fb.firebasestorage.app\"}",
      "GCLOUD_PROJECT": "anthroposcity-d37fb",
      "EVENTARC_CLOUD_EVENT_SOURCE": "projects/anthroposcity-d37fb/locations/europe-west1/functions/markVerified"
    },
    "codebase": "default",
    "targetedByOnly": false,
    "hash": "d05ed7d96679db6684b18ea72fd192bab90ebfc5"
  },
  "op": "create",
  "original": {
    "name": "FirebaseError",
    "children": [],
    "exit": 1,
    "message": "Gen1 operation for function projects/anthroposcity-d37fb/locations/europe-west1/functions/markVerified failed: Build failed: Access to bucket gcf-sources-176426161276-europe-west1 denied. You must grant Storage Object Viewer permission to 176426161276-compute@developer.gserviceaccount.com. If you are using VPC Service Controls, you must also grant it access to your service perimeter.\n.",
    "original": {
      "code": 3,
      "message": "Gen1 operation for function projects/anthroposcity-d37fb/locations/europe-west1/functions/markVerified failed: Build failed: Access to bucket gcf-sources-176426161276-europe-west1 denied. You must grant Storage Object Viewer permission to 176426161276-compute@developer.gserviceaccount.com. If you are using VPC Service Controls, you must also grant it access to your service perimeter.\n."
    },
    "status": 3,
    "code": 3
  }
}
[debug] [2025-06-16T13:29:23.036Z] Error: Failed to create function markVerified in region europe-west1
    at C:\Users\Kasparas\AppData\Roaming\nvm\v18.20.5\node_modules\firebase-tools\lib\deploy\functions\release\fabricator.js:52:11
    at process.processTicksAndRejections (node:internal/process/task_queues:95:5)
    at async Fabricator.createV1Function (C:\Users\Kasparas\AppData\Roaming\nvm\v18.20.5\node_modules\firebase-tools\lib\deploy\functions\release\fabricator.js:182:32)
    at async Fabricator.createEndpoint (C:\Users\Kasparas\AppData\Roaming\nvm\v18.20.5\node_modules\firebase-tools\lib\deploy\functions\release\fabricator.js:134:13)
    at async handle (C:\Users\Kasparas\AppData\Roaming\nvm\v18.20.5\node_modules\firebase-tools\lib\deploy\functions\release\fabricator.js:89:17)
[error] 
[error] Error: There was an error deploying functions
[debug] [2025-06-16T13:36:16.657Z] ----------------------------------------------------------------------
[debug] [2025-06-16T13:36:16.660Z] Command:       C:\Program Files\nodejs\node.exe C:\Program Files\nodejs\node_modules\firebase-tools\lib\bin\firebase.js deploy --only functions
[debug] [2025-06-16T13:36:16.661Z] CLI Version:   13.35.1
[debug] [2025-06-16T13:36:16.661Z] Platform:      win32
[debug] [2025-06-16T13:36:16.661Z] Node Version:  v18.20.5
[debug] [2025-06-16T13:36:16.671Z] Time:          Mon Jun 16 2025 16:36:16 GMT+0300 (Eastern European Summer Time)
[debug] [2025-06-16T13:36:16.672Z] ----------------------------------------------------------------------
[debug] 
[debug] [2025-06-16T13:36:17.072Z] > command requires scopes: ["email","openid","https://www.googleapis.com/auth/cloudplatformprojects.readonly","https://www.googleapis.com/auth/firebase","https://www.googleapis.com/auth/cloud-platform"]
[debug] [2025-06-16T13:36:17.073Z] > authorizing via signed-in user (info@anthroposcity.com)
[debug] [2025-06-16T13:36:17.073Z] [iam] checking project anthroposcity-d37fb for permissions ["cloudfunctions.functions.create","cloudfunctions.functions.delete","cloudfunctions.functions.get","cloudfunctions.functions.list","cloudfunctions.functions.update","cloudfunctions.operations.get","firebase.projects.get"]
[debug] [2025-06-16T13:36:17.077Z] Checked if tokens are valid: true, expires at: 1750081963900
[debug] [2025-06-16T13:36:17.077Z] Checked if tokens are valid: true, expires at: 1750081963900
[debug] [2025-06-16T13:36:17.079Z] >>> [apiv2][query] POST https://cloudresourcemanager.googleapis.com/v1/projects/anthroposcity-d37fb:testIamPermissions [none]
[debug] [2025-06-16T13:36:17.080Z] >>> [apiv2][(partial)header] POST https://cloudresourcemanager.googleapis.com/v1/projects/anthroposcity-d37fb:testIamPermissions x-goog-quota-user=projects/anthroposcity-d37fb
[debug] [2025-06-16T13:36:17.080Z] >>> [apiv2][body] POST https://cloudresourcemanager.googleapis.com/v1/projects/anthroposcity-d37fb:testIamPermissions {"permissions":["cloudfunctions.functions.create","cloudfunctions.functions.delete","cloudfunctions.functions.get","cloudfunctions.functions.list","cloudfunctions.functions.update","cloudfunctions.operations.get","firebase.projects.get"]}
[debug] [2025-06-16T13:36:18.165Z] <<< [apiv2][status] POST https://cloudresourcemanager.googleapis.com/v1/projects/anthroposcity-d37fb:testIamPermissions 200
[debug] [2025-06-16T13:36:18.166Z] <<< [apiv2][body] POST https://cloudresourcemanager.googleapis.com/v1/projects/anthroposcity-d37fb:testIamPermissions {"permissions":["cloudfunctions.functions.create","cloudfunctions.functions.delete","cloudfunctions.functions.get","cloudfunctions.functions.list","cloudfunctions.functions.update","cloudfunctions.operations.get","firebase.projects.get"]}
[debug] [2025-06-16T13:36:18.167Z] Checked if tokens are valid: true, expires at: 1750081963900
[debug] [2025-06-16T13:36:18.168Z] Checked if tokens are valid: true, expires at: 1750081963900
[debug] [2025-06-16T13:36:18.168Z] >>> [apiv2][query] POST https://iam.googleapis.com/v1/projects/anthroposcity-d37fb/serviceAccounts/anthroposcity-d37fb@appspot.gserviceaccount.com:testIamPermissions [none]
[debug] [2025-06-16T13:36:18.168Z] >>> [apiv2][body] POST https://iam.googleapis.com/v1/projects/anthroposcity-d37fb/serviceAccounts/anthroposcity-d37fb@appspot.gserviceaccount.com:testIamPermissions {"permissions":["iam.serviceAccounts.actAs"]}
[debug] [2025-06-16T13:36:19.198Z] <<< [apiv2][status] POST https://iam.googleapis.com/v1/projects/anthroposcity-d37fb/serviceAccounts/anthroposcity-d37fb@appspot.gserviceaccount.com:testIamPermissions 200
[debug] [2025-06-16T13:36:19.198Z] <<< [apiv2][body] POST https://iam.googleapis.com/v1/projects/anthroposcity-d37fb/serviceAccounts/anthroposcity-d37fb@appspot.gserviceaccount.com:testIamPermissions {"permissions":["iam.serviceAccounts.actAs"]}
[info] 
[info] === Deploying to 'anthroposcity-d37fb'...
[info] 
[info] i  deploying functions 
[info] Running command: npm --prefix "$RESOURCE_DIR" run build
[info] +  functions: Finished running predeploy script. 
[debug] [2025-06-16T13:36:24.272Z] Checked if tokens are valid: true, expires at: 1750081963900
[debug] [2025-06-16T13:36:24.272Z] Checked if tokens are valid: true, expires at: 1750081963900
[debug] [2025-06-16T13:36:24.272Z] >>> [apiv2][query] GET https://cloudresourcemanager.googleapis.com/v1/projects/anthroposcity-d37fb [none]
[debug] [2025-06-16T13:36:25.272Z] <<< [apiv2][status] GET https://cloudresourcemanager.googleapis.com/v1/projects/anthroposcity-d37fb 200
[debug] [2025-06-16T13:36:25.272Z] <<< [apiv2][body] GET https://cloudresourcemanager.googleapis.com/v1/projects/anthroposcity-d37fb {"projectNumber":"176426161276","projectId":"anthroposcity-d37fb","lifecycleState":"ACTIVE","name":"anthroposcity","labels":{"firebase":"enabled","firebase-core":"disabled"},"createTime":"2025-06-14T10:46:05.021076Z","parent":{"type":"organization","id":"935051504326"}}
[info] i  functions: preparing codebase default for deployment 
[info] i  functions: ensuring required API cloudfunctions.googleapis.com is enabled... 
[debug] [2025-06-16T13:36:25.276Z] Checked if tokens are valid: true, expires at: 1750081963900
[debug] [2025-06-16T13:36:25.276Z] Checked if tokens are valid: true, expires at: 1750081963900
[debug] [2025-06-16T13:36:25.276Z] Checked if tokens are valid: true, expires at: 1750081963900
[debug] [2025-06-16T13:36:25.276Z] Checked if tokens are valid: true, expires at: 1750081963900
[info] i  functions: ensuring required API cloudbuild.googleapis.com is enabled... 
[debug] [2025-06-16T13:36:25.278Z] Checked if tokens are valid: true, expires at: 1750081963900
[debug] [2025-06-16T13:36:25.278Z] Checked if tokens are valid: true, expires at: 1750081963900
[info] i  artifactregistry: ensuring required API artifactregistry.googleapis.com is enabled... 
[debug] [2025-06-16T13:36:25.279Z] Checked if tokens are valid: true, expires at: 1750081963900
[debug] [2025-06-16T13:36:25.279Z] Checked if tokens are valid: true, expires at: 1750081963900
[debug] [2025-06-16T13:36:25.279Z] >>> [apiv2][query] GET https://serviceusage.googleapis.com/v1/projects/anthroposcity-d37fb/services/cloudfunctions.googleapis.com [none]
[debug] [2025-06-16T13:36:25.280Z] >>> [apiv2][(partial)header] GET https://serviceusage.googleapis.com/v1/projects/anthroposcity-d37fb/services/cloudfunctions.googleapis.com x-goog-quota-user=projects/anthroposcity-d37fb
[debug] [2025-06-16T13:36:25.284Z] >>> [apiv2][query] GET https://serviceusage.googleapis.com/v1/projects/anthroposcity-d37fb/services/runtimeconfig.googleapis.com [none]
[debug] [2025-06-16T13:36:25.285Z] >>> [apiv2][(partial)header] GET https://serviceusage.googleapis.com/v1/projects/anthroposcity-d37fb/services/runtimeconfig.googleapis.com x-goog-quota-user=projects/anthroposcity-d37fb
[debug] [2025-06-16T13:36:25.287Z] >>> [apiv2][query] GET https://serviceusage.googleapis.com/v1/projects/anthroposcity-d37fb/services/cloudbuild.googleapis.com [none]
[debug] [2025-06-16T13:36:25.287Z] >>> [apiv2][(partial)header] GET https://serviceusage.googleapis.com/v1/projects/anthroposcity-d37fb/services/cloudbuild.googleapis.com x-goog-quota-user=projects/anthroposcity-d37fb
[debug] [2025-06-16T13:36:25.290Z] >>> [apiv2][query] GET https://serviceusage.googleapis.com/v1/projects/anthroposcity-d37fb/services/artifactregistry.googleapis.com [none]
[debug] [2025-06-16T13:36:25.290Z] >>> [apiv2][(partial)header] GET https://serviceusage.googleapis.com/v1/projects/anthroposcity-d37fb/services/artifactregistry.googleapis.com x-goog-quota-user=projects/anthroposcity-d37fb
[debug] [2025-06-16T13:36:26.587Z] <<< [apiv2][status] GET https://serviceusage.googleapis.com/v1/projects/anthroposcity-d37fb/services/cloudfunctions.googleapis.com 200
[debug] [2025-06-16T13:36:26.587Z] <<< [apiv2][body] GET https://serviceusage.googleapis.com/v1/projects/anthroposcity-d37fb/services/cloudfunctions.googleapis.com [omitted]
[info] +  functions: required API cloudfunctions.googleapis.com is enabled 
[debug] [2025-06-16T13:36:26.589Z] <<< [apiv2][status] GET https://serviceusage.googleapis.com/v1/projects/anthroposcity-d37fb/services/artifactregistry.googleapis.com 200
[debug] [2025-06-16T13:36:26.590Z] <<< [apiv2][body] GET https://serviceusage.googleapis.com/v1/projects/anthroposcity-d37fb/services/artifactregistry.googleapis.com [omitted]
[info] +  artifactregistry: required API artifactregistry.googleapis.com is enabled 
[debug] [2025-06-16T13:36:26.591Z] <<< [apiv2][status] GET https://serviceusage.googleapis.com/v1/projects/anthroposcity-d37fb/services/cloudbuild.googleapis.com 200
[debug] [2025-06-16T13:36:26.591Z] <<< [apiv2][body] GET https://serviceusage.googleapis.com/v1/projects/anthroposcity-d37fb/services/cloudbuild.googleapis.com [omitted]
[info] +  functions: required API cloudbuild.googleapis.com is enabled 
[debug] [2025-06-16T13:36:26.593Z] <<< [apiv2][status] GET https://serviceusage.googleapis.com/v1/projects/anthroposcity-d37fb/services/runtimeconfig.googleapis.com 200
[debug] [2025-06-16T13:36:26.593Z] <<< [apiv2][body] GET https://serviceusage.googleapis.com/v1/projects/anthroposcity-d37fb/services/runtimeconfig.googleapis.com [omitted]
[debug] [2025-06-16T13:36:26.593Z] Checked if tokens are valid: true, expires at: 1750081963900
[debug] [2025-06-16T13:36:26.593Z] Checked if tokens are valid: true, expires at: 1750081963900
[debug] [2025-06-16T13:36:26.594Z] >>> [apiv2][query] GET https://firebase.googleapis.com/v1beta1/projects/anthroposcity-d37fb/adminSdkConfig [none]
[debug] [2025-06-16T13:36:27.094Z] <<< [apiv2][status] GET https://firebase.googleapis.com/v1beta1/projects/anthroposcity-d37fb/adminSdkConfig 200
[debug] [2025-06-16T13:36:27.095Z] <<< [apiv2][body] GET https://firebase.googleapis.com/v1beta1/projects/anthroposcity-d37fb/adminSdkConfig {"projectId":"anthroposcity-d37fb","storageBucket":"anthroposcity-d37fb.firebasestorage.app"}
[debug] [2025-06-16T13:36:27.095Z] Checked if tokens are valid: true, expires at: 1750081963900
[debug] [2025-06-16T13:36:27.095Z] Checked if tokens are valid: true, expires at: 1750081963900
[debug] [2025-06-16T13:36:27.096Z] >>> [apiv2][query] GET https://runtimeconfig.googleapis.com/v1beta1/projects/anthroposcity-d37fb/configs [none]
[debug] [2025-06-16T13:36:27.672Z] <<< [apiv2][status] GET https://runtimeconfig.googleapis.com/v1beta1/projects/anthroposcity-d37fb/configs 200
[debug] [2025-06-16T13:36:27.673Z] <<< [apiv2][body] GET https://runtimeconfig.googleapis.com/v1beta1/projects/anthroposcity-d37fb/configs {}
[debug] [2025-06-16T13:36:27.675Z] Validating nodejs source
[warn] !  functions: Runtime Node.js 18 was deprecated on 2025-04-30 and will be decommissioned on 2025-10-31, after which you will not be able to deploy without upgrading. Consider upgrading now to avoid disruption. See https://cloud.google.com/functions/docs/runtime-support for full details on the lifecycle policy 
[debug] [2025-06-16T13:36:29.450Z] > [functions] package.json contents: {
  "name": "functions",
  "scripts": {
    "build": "tsc",
    "build:watch": "tsc --watch",
    "serve": "npm run build && firebase emulators:start --only functions",
    "shell": "npm run build && firebase functions:shell",
    "start": "npm run shell",
    "deploy": "firebase deploy --only functions",
    "logs": "firebase functions:log"
  },
  "engines": {
    "node": "18"
  },
  "main": "lib/index.js",
  "dependencies": {
    "firebase-admin": "^12.6.0",
    "firebase-functions": "^6.3.2"
  },
  "devDependencies": {
    "typescript": "^4.9.0"
  },
  "private": true
}
[debug] [2025-06-16T13:36:29.450Z] Building nodejs source
[info] i  functions: Loading and analyzing source code for codebase default to determine what to deploy 
[debug] [2025-06-16T13:36:29.454Z] Could not find functions.yaml. Must use http discovery
[debug] [2025-06-16T13:36:29.474Z] Found firebase-functions binary at 'C:\Users\Kasparas\basic-ac-home - Copy\functions\node_modules\.bin\firebase-functions'
[info] Serving at port 8282

[debug] [2025-06-16T13:36:30.690Z] Got response from /__/functions.yaml {"endpoints":{"markVerified":{"platform":"gcfv1","labels":{},"availableMemoryMb":null,"timeoutSeconds":null,"minInstances":null,"maxInstances":null,"ingressSettings":null,"serviceAccountEmail":null,"vpc":null,"region":["europe-west1"],"callableTrigger":{},"entryPoint":"markVerified"}},"specVersion":"v1alpha1","requiredAPIs":[],"extensions":{}}
[info] i  extensions: ensuring required API firebaseextensions.googleapis.com is enabled... 
[debug] [2025-06-16T13:36:30.738Z] Checked if tokens are valid: true, expires at: 1750081963900
[debug] [2025-06-16T13:36:30.738Z] Checked if tokens are valid: true, expires at: 1750081963900
[debug] [2025-06-16T13:36:30.739Z] >>> [apiv2][query] GET https://serviceusage.googleapis.com/v1/projects/anthroposcity-d37fb/services/firebaseextensions.googleapis.com [none]
[debug] [2025-06-16T13:36:30.739Z] >>> [apiv2][(partial)header] GET https://serviceusage.googleapis.com/v1/projects/anthroposcity-d37fb/services/firebaseextensions.googleapis.com x-goog-quota-user=projects/anthroposcity-d37fb
[debug] [2025-06-16T13:36:31.824Z] <<< [apiv2][status] GET https://serviceusage.googleapis.com/v1/projects/anthroposcity-d37fb/services/firebaseextensions.googleapis.com 200
[debug] [2025-06-16T13:36:31.824Z] <<< [apiv2][body] GET https://serviceusage.googleapis.com/v1/projects/anthroposcity-d37fb/services/firebaseextensions.googleapis.com [omitted]
[info] +  extensions: required API firebaseextensions.googleapis.com is enabled 
[debug] [2025-06-16T13:36:31.825Z] > command requires scopes: ["email","openid","https://www.googleapis.com/auth/cloudplatformprojects.readonly","https://www.googleapis.com/auth/firebase","https://www.googleapis.com/auth/cloud-platform"]
[debug] [2025-06-16T13:36:31.825Z] > authorizing via signed-in user (info@anthroposcity.com)
[debug] [2025-06-16T13:36:31.826Z] [iam] checking project anthroposcity-d37fb for permissions ["firebase.projects.get","firebaseextensions.instances.list"]
[debug] [2025-06-16T13:36:31.826Z] Checked if tokens are valid: true, expires at: 1750081963900
[debug] [2025-06-16T13:36:31.826Z] Checked if tokens are valid: true, expires at: 1750081963900
[debug] [2025-06-16T13:36:31.826Z] >>> [apiv2][query] POST https://cloudresourcemanager.googleapis.com/v1/projects/anthroposcity-d37fb:testIamPermissions [none]
[debug] [2025-06-16T13:36:31.826Z] >>> [apiv2][(partial)header] POST https://cloudresourcemanager.googleapis.com/v1/projects/anthroposcity-d37fb:testIamPermissions x-goog-quota-user=projects/anthroposcity-d37fb
[debug] [2025-06-16T13:36:31.826Z] >>> [apiv2][body] POST https://cloudresourcemanager.googleapis.com/v1/projects/anthroposcity-d37fb:testIamPermissions {"permissions":["firebase.projects.get","firebaseextensions.instances.list"]}
[debug] [2025-06-16T13:36:32.701Z] <<< [apiv2][status] POST https://cloudresourcemanager.googleapis.com/v1/projects/anthroposcity-d37fb:testIamPermissions 200
[debug] [2025-06-16T13:36:32.702Z] <<< [apiv2][body] POST https://cloudresourcemanager.googleapis.com/v1/projects/anthroposcity-d37fb:testIamPermissions {"permissions":["firebase.projects.get","firebaseextensions.instances.list"]}
[debug] [2025-06-16T13:36:32.702Z] Checked if tokens are valid: true, expires at: 1750081963900
[debug] [2025-06-16T13:36:32.702Z] Checked if tokens are valid: true, expires at: 1750081963900
[debug] [2025-06-16T13:36:32.703Z] >>> [apiv2][query] GET https://firebaseextensions.googleapis.com/v1beta/projects/anthroposcity-d37fb/instances pageSize=100&pageToken=
[debug] [2025-06-16T13:36:33.784Z] <<< [apiv2][status] GET https://firebaseextensions.googleapis.com/v1beta/projects/anthroposcity-d37fb/instances 200
[debug] [2025-06-16T13:36:33.784Z] <<< [apiv2][body] GET https://firebaseextensions.googleapis.com/v1beta/projects/anthroposcity-d37fb/instances {}
[info] i  functions: preparing functions directory for uploading... 
[info] i  functions: packaged C:\Users\Kasparas\basic-ac-home - Copy\functions (70.98 KB) for uploading 
[debug] [2025-06-16T13:36:33.883Z] Checked if tokens are valid: true, expires at: 1750081963900
[debug] [2025-06-16T13:36:33.883Z] Checked if tokens are valid: true, expires at: 1750081963900
[debug] [2025-06-16T13:36:33.884Z] >>> [apiv2][query] GET https://cloudfunctions.googleapis.com/v1/projects/anthroposcity-d37fb/locations/-/functions [none]
[debug] [2025-06-16T13:36:34.682Z] <<< [apiv2][status] GET https://cloudfunctions.googleapis.com/v1/projects/anthroposcity-d37fb/locations/-/functions 200
[debug] [2025-06-16T13:36:34.682Z] <<< [apiv2][body] GET https://cloudfunctions.googleapis.com/v1/projects/anthroposcity-d37fb/locations/-/functions {"functions":[{"name":"projects/anthroposcity-d37fb/locations/europe-west1/functions/markVerified","httpsTrigger":{"url":"https://europe-west1-anthroposcity-d37fb.cloudfunctions.net/markVerified","securityLevel":"SECURE_ALWAYS"},"status":"OFFLINE","entryPoint":"markVerified","timeout":"60s","availableMemoryMb":256,"serviceAccountEmail":"anthroposcity-d37fb@appspot.gserviceaccount.com","updateTime":"2025-06-16T13:28:55.069494940Z","versionId":"1","labels":{"deployment-callable":"true","firebase-functions-hash":"d05ed7d96679db6684b18ea72fd192bab90ebfc5","deployment-tool":"cli-firebase"},"sourceUploadUrl":"https://storage.googleapis.com/uploads-183568118582.europe-west1.cloudfunctions.appspot.com/1284cd5e-5414-437a-be19-3364f05d1b78.zip","environmentVariables":{"FIREBASE_CONFIG":"{\"projectId\":\"anthroposcity-d37fb\",\"storageBucket\":\"anthroposcity-d37fb.firebasestorage.app\"}","GCLOUD_PROJECT":"anthroposcity-d37fb","EVENTARC_CLOUD_EVENT_SOURCE":"projects/anthroposcity-d37fb/locations/europe-west1/functions/markVerified"},"runtime":"nodejs18","ingressSettings":"ALLOW_ALL","buildId":"2115d023-8ddb-4aff-8f4f-d778e50f3870","buildEnvironmentVariables":{"GOOGLE_NODE_RUN_SCRIPTS":""},"buildName":"projects/176426161276/locations/europe-west1/builds/2115d023-8ddb-4aff-8f4f-d778e50f3870","dockerRegistry":"ARTIFACT_REGISTRY","automaticUpdatePolicy":{},"buildServiceAccount":"projects/anthroposcity-d37fb/serviceAccounts/176426161276-compute@developer.gserviceaccount.com","satisfiesPzi":true}]}
[debug] [2025-06-16T13:36:34.684Z] Checked if tokens are valid: true, expires at: 1750081963900
[debug] [2025-06-16T13:36:34.684Z] Checked if tokens are valid: true, expires at: 1750081963900
[debug] [2025-06-16T13:36:34.684Z] >>> [apiv2][query] GET https://cloudfunctions.googleapis.com/v2/projects/anthroposcity-d37fb/locations/-/functions filter=environment%3D%22GEN_2%22
[debug] [2025-06-16T13:36:35.924Z] <<< [apiv2][status] GET https://cloudfunctions.googleapis.com/v2/projects/anthroposcity-d37fb/locations/-/functions 200
[debug] [2025-06-16T13:36:35.924Z] <<< [apiv2][body] GET https://cloudfunctions.googleapis.com/v2/projects/anthroposcity-d37fb/locations/-/functions {}
[debug] [2025-06-16T13:36:35.929Z] Checked if tokens are valid: true, expires at: 1750081963900
[debug] [2025-06-16T13:36:35.929Z] Checked if tokens are valid: true, expires at: 1750081963900
[debug] [2025-06-16T13:36:35.930Z] >>> [apiv2][query] GET https://cloudresourcemanager.googleapis.com/v1/projects/anthroposcity-d37fb [none]
[debug] [2025-06-16T13:36:36.863Z] <<< [apiv2][status] GET https://cloudresourcemanager.googleapis.com/v1/projects/anthroposcity-d37fb 200
[debug] [2025-06-16T13:36:36.864Z] <<< [apiv2][body] GET https://cloudresourcemanager.googleapis.com/v1/projects/anthroposcity-d37fb {"projectNumber":"176426161276","projectId":"anthroposcity-d37fb","lifecycleState":"ACTIVE","name":"anthroposcity","labels":{"firebase":"enabled","firebase-core":"disabled"},"createTime":"2025-06-14T10:46:05.021076Z","parent":{"type":"organization","id":"935051504326"}}
[debug] [2025-06-16T13:36:36.865Z] Checked if tokens are valid: true, expires at: 1750081963900
[debug] [2025-06-16T13:36:36.865Z] Checked if tokens are valid: true, expires at: 1750081963900
[debug] [2025-06-16T13:36:36.865Z] >>> [apiv2][query] GET https://cloudbilling.googleapis.com/v1/projects/anthroposcity-d37fb/billingInfo [none]
[debug] [2025-06-16T13:36:37.823Z] <<< [apiv2][status] GET https://cloudbilling.googleapis.com/v1/projects/anthroposcity-d37fb/billingInfo 200
[debug] [2025-06-16T13:36:37.824Z] <<< [apiv2][body] GET https://cloudbilling.googleapis.com/v1/projects/anthroposcity-d37fb/billingInfo {"name":"projects/anthroposcity-d37fb/billingInfo","projectId":"anthroposcity-d37fb","billingAccountName":"billingAccounts/013A08-A31BE2-8A8CC8","billingEnabled":true}
[info] i  functions: updating Node.js 18 (1st Gen) function markVerified(europe-west1)... 
[debug] [2025-06-16T13:36:37.830Z] Precondition failed. Cannot update a GCF function without sourceUrl
[debug] [2025-06-16T13:36:37.841Z] Total Function Deployment time: 2
[debug] [2025-06-16T13:36:37.841Z] 1 Functions Deployed
[debug] [2025-06-16T13:36:37.841Z] 1 Functions Errored
[debug] [2025-06-16T13:36:37.841Z] 0 Function Deployments Aborted
[debug] [2025-06-16T13:36:37.841Z] Average Function Deployment time: 1
[info] 
[info] Functions deploy had errors with the following functions:
	markVerified(europe-west1)
[info] i  functions: cleaning up build files... 
[debug] [2025-06-16T13:36:38.107Z] Checked if tokens are valid: true, expires at: 1750081963900
[debug] [2025-06-16T13:36:38.107Z] Checked if tokens are valid: true, expires at: 1750081963900
[debug] [2025-06-16T13:36:38.109Z] Checked if tokens are valid: true, expires at: 1750081963900
[debug] [2025-06-16T13:36:38.109Z] Checked if tokens are valid: true, expires at: 1750081963900
[debug] [2025-06-16T13:36:38.109Z] >>> [apiv2][query] DELETE https://artifactregistry.googleapis.com/v1/projects/anthroposcity-d37fb/locations/europe-west1/repositories/gcf-artifacts/packages/mark_verified [none]
[debug] [2025-06-16T13:36:38.111Z] >>> [apiv2][query] GET https://eu.gcr.io/v2/anthroposcity-d37fb/gcf/europe-west1/tags/list [none]
[debug] [2025-06-16T13:36:38.446Z] <<< [apiv2][status] DELETE https://artifactregistry.googleapis.com/v1/projects/anthroposcity-d37fb/locations/europe-west1/repositories/gcf-artifacts/packages/mark_verified 404
[debug] [2025-06-16T13:36:38.446Z] <<< [apiv2][body] DELETE https://artifactregistry.googleapis.com/v1/projects/anthroposcity-d37fb/locations/europe-west1/repositories/gcf-artifacts/packages/mark_verified {"error":{"code":404,"message":"Package \"projects/anthroposcity-d37fb/locations/europe-west1/repositories/gcf-artifacts/packages/mark_verified\" was not found.","status":"NOT_FOUND"}}
[debug] [2025-06-16T13:36:38.452Z] <<< [apiv2][status] GET https://eu.gcr.io/v2/anthroposcity-d37fb/gcf/europe-west1/tags/list 404
[debug] [2025-06-16T13:36:38.453Z] <<< [apiv2][body] GET https://eu.gcr.io/v2/anthroposcity-d37fb/gcf/europe-west1/tags/list {"errors":[{"code":"NAME_UNKNOWN","message":"Repository \"eu.gcr.io\" not found"}]}
[debug] [2025-06-16T13:36:38.453Z] Failed docker command with error  Request to https://eu.gcr.io/v2/anthroposcity-d37fb/gcf/europe-west1/tags/list had HTTP Error: 404, Not Found {"name":"FirebaseError","children":[],"context":{"body":{"errors":[{"code":"NAME_UNKNOWN","message":"Repository \"eu.gcr.io\" not found"}],"error":{"message":"Not Found"}},"response":{"statusCode":404}},"exit":1,"message":"Request to https://eu.gcr.io/v2/anthroposcity-d37fb/gcf/europe-west1/tags/list had HTTP Error: 404, Not Found","status":404}
[debug] [2025-06-16T13:36:38.454Z] Checked if tokens are valid: true, expires at: 1750081963900
[debug] [2025-06-16T13:36:38.455Z] Checked if tokens are valid: true, expires at: 1750081963900
[debug] [2025-06-16T13:36:38.455Z] >>> [apiv2][query] GET https://eu.gcr.io/v2/anthroposcity-d37fb/gcf/europe-west1/tags/list [none]
[debug] [2025-06-16T13:36:38.707Z] <<< [apiv2][status] GET https://eu.gcr.io/v2/anthroposcity-d37fb/gcf/europe-west1/tags/list 404
[debug] [2025-06-16T13:36:38.708Z] <<< [apiv2][body] GET https://eu.gcr.io/v2/anthroposcity-d37fb/gcf/europe-west1/tags/list {"errors":[{"code":"NAME_UNKNOWN","message":"Repository \"eu.gcr.io\" not found"}]}
[debug] [2025-06-16T13:36:38.708Z] Failed docker command with error  Request to https://eu.gcr.io/v2/anthroposcity-d37fb/gcf/europe-west1/tags/list had HTTP Error: 404, Not Found {"name":"FirebaseError","children":[],"context":{"body":{"errors":[{"code":"NAME_UNKNOWN","message":"Repository \"eu.gcr.io\" not found"}],"error":{"message":"Not Found"}},"response":{"statusCode":404}},"exit":1,"message":"Request to https://eu.gcr.io/v2/anthroposcity-d37fb/gcf/europe-west1/tags/list had HTTP Error: 404, Not Found","status":404}
[debug] [2025-06-16T13:36:38.823Z] Checked if tokens are valid: true, expires at: 1750081963900
[debug] [2025-06-16T13:36:38.823Z] Checked if tokens are valid: true, expires at: 1750081963900
[debug] [2025-06-16T13:36:38.823Z] >>> [apiv2][query] GET https://eu.gcr.io/v2/anthroposcity-d37fb/gcf/europe-west1/tags/list [none]
[debug] [2025-06-16T13:36:39.103Z] <<< [apiv2][status] GET https://eu.gcr.io/v2/anthroposcity-d37fb/gcf/europe-west1/tags/list 404
[debug] [2025-06-16T13:36:39.103Z] <<< [apiv2][body] GET https://eu.gcr.io/v2/anthroposcity-d37fb/gcf/europe-west1/tags/list {"errors":[{"code":"NAME_UNKNOWN","message":"Repository \"eu.gcr.io\" not found"}]}
[debug] [2025-06-16T13:36:39.104Z] Failed docker command with error  Request to https://eu.gcr.io/v2/anthroposcity-d37fb/gcf/europe-west1/tags/list had HTTP Error: 404, Not Found {"name":"FirebaseError","children":[],"context":{"body":{"errors":[{"code":"NAME_UNKNOWN","message":"Repository \"eu.gcr.io\" not found"}],"error":{"message":"Not Found"}},"response":{"statusCode":404}},"exit":1,"message":"Request to https://eu.gcr.io/v2/anthroposcity-d37fb/gcf/europe-west1/tags/list had HTTP Error: 404, Not Found","status":404}
[warn] !  functions: Unhandled error cleaning up build images. This could result in a small monthly bill if not corrected. You can attempt to delete these images by redeploying or you can delete them manually at https://console.cloud.google.com/gcr/images/anthroposcity-d37fb/eu/gcf 
[debug] [2025-06-16T13:36:39.105Z] Functions deploy failed.
[debug] [2025-06-16T13:36:39.106Z] {}
[debug] [2025-06-16T13:36:39.352Z] Error: Precondition failed
    at Fabricator.updateV1Function (C:\Users\Kasparas\AppData\Roaming\nvm\v18.20.5\node_modules\firebase-tools\lib\deploy\functions\release\fabricator.js:349:19)
    at Fabricator.updateEndpoint (C:\Users\Kasparas\AppData\Roaming\nvm\v18.20.5\node_modules\firebase-tools\lib\deploy\functions\release\fabricator.js:152:24)
    at C:\Users\Kasparas\AppData\Roaming\nvm\v18.20.5\node_modules\firebase-tools\lib\deploy\functions\release\fabricator.js:110:71
    at handle (C:\Users\Kasparas\AppData\Roaming\nvm\v18.20.5\node_modules\firebase-tools\lib\deploy\functions\release\fabricator.js:89:23)
    at Fabricator.applyChangeset (C:\Users\Kasparas\AppData\Roaming\nvm\v18.20.5\node_modules\firebase-tools\lib\deploy\functions\release\fabricator.js:110:26)
    at C:\Users\Kasparas\AppData\Roaming\nvm\v18.20.5\node_modules\firebase-tools\lib\deploy\functions\release\fabricator.js:69:40
    at Array.map (<anonymous>)
    at Fabricator.applyPlan (C:\Users\Kasparas\AppData\Roaming\nvm\v18.20.5\node_modules\firebase-tools\lib\deploy\functions\release\fabricator.js:68:54)
    at release (C:\Users\Kasparas\AppData\Roaming\nvm\v18.20.5\node_modules\firebase-tools\lib\deploy\functions\release\index.js:76:31)
    at process.processTicksAndRejections (node:internal/process/task_queues:95:5)
[error] 
[error] Error: There was an error deploying functions
