[debug] [2025-06-17T05:22:23.733Z] ----------------------------------------------------------------------
[debug] [2025-06-17T05:22:23.736Z] Command:       C:\Program Files\nodejs\node.exe C:\Program Files\nodejs\node_modules\firebase-tools\lib\bin\firebase.js emulators:start
[debug] [2025-06-17T05:22:23.737Z] CLI Version:   13.35.1
[debug] [2025-06-17T05:22:23.737Z] Platform:      win32
[debug] [2025-06-17T05:22:23.737Z] Node Version:  v18.20.5
[debug] [2025-06-17T05:22:23.739Z] Time:          Tue Jun 17 2025 08:22:23 GMT+0300 (Eastern European Summer Time)
[debug] [2025-06-17T05:22:23.739Z] ----------------------------------------------------------------------
[debug] 
[debug] [2025-06-17T05:22:24.097Z] > command requires scopes: ["email","openid","https://www.googleapis.com/auth/cloudplatformprojects.readonly","https://www.googleapis.com/auth/firebase","https://www.googleapis.com/auth/cloud-platform"]
[debug] [2025-06-17T05:22:24.098Z] > authorizing via signed-in user (info@anthroposcity.com)
[debug] [2025-06-17T05:22:24.215Z] openjdk version "17.0.15" 2025-04-15

[debug] [2025-06-17T05:22:24.216Z] OpenJDK Runtime Environment Temurin-17.0.15+6 (build 17.0.15+6)
OpenJDK 64-Bit Server VM Temurin-17.0.15+6 (build 17.0.15+6, mixed mode, sharing)

[debug] [2025-06-17T05:22:24.233Z] Parsed Java major version: 17
[info] i  emulators: Starting emulators: auth, functions, firestore, storage, extensions {"metadata":{"emulator":{"name":"hub"},"message":"Starting emulators: auth, functions, firestore, storage, extensions"}}
[debug] [2025-06-17T05:22:24.237Z] Checked if tokens are valid: true, expires at: 1750140723318
[debug] [2025-06-17T05:22:24.238Z] Checked if tokens are valid: true, expires at: 1750140723318
[debug] [2025-06-17T05:22:24.239Z] >>> [apiv2][query] GET https://cloudresourcemanager.googleapis.com/v1/projects/anthroposcity-d37fb [none]
[debug] [2025-06-17T05:22:24.623Z] <<< [apiv2][status] GET https://cloudresourcemanager.googleapis.com/v1/projects/anthroposcity-d37fb 200
[debug] [2025-06-17T05:22:24.623Z] <<< [apiv2][body] GET https://cloudresourcemanager.googleapis.com/v1/projects/anthroposcity-d37fb {"projectNumber":"176426161276","projectId":"anthroposcity-d37fb","lifecycleState":"ACTIVE","name":"anthroposcity","labels":{"firebase":"enabled","firebase-core":"disabled"},"createTime":"2025-06-14T10:46:05.021076Z","parent":{"type":"organization","id":"935051504326"}}
[debug] [2025-06-17T05:22:24.642Z] [logging] Logging Emulator only supports listening on one address (127.0.0.1). Not listening on ::1
[debug] [2025-06-17T05:22:24.642Z] [auth] Authentication Emulator only supports listening on one address (127.0.0.1). Not listening on ::1
[debug] [2025-06-17T05:22:24.642Z] [firestore] Firestore Emulator only supports listening on one address (127.0.0.1). Not listening on ::1
[debug] [2025-06-17T05:22:24.642Z] [firestore.websocket] websocket server for firestore only supports listening on one address (127.0.0.1). Not listening on ::1
[debug] [2025-06-17T05:22:24.642Z] [storage] Storage Emulator only supports listening on one address (127.0.0.1). Not listening on ::1
[debug] [2025-06-17T05:22:24.643Z] assigned listening specs for emulators {"user":{"hub":[{"address":"127.0.0.1","family":"IPv4","port":4400},{"address":"::1","family":"IPv6","port":4400}],"ui":[{"address":"127.0.0.1","family":"IPv4","port":4000},{"address":"::1","family":"IPv6","port":4000}],"logging":[{"address":"127.0.0.1","family":"IPv4","port":4500}],"auth":[{"address":"127.0.0.1","family":"IPv4","port":9099}],"firestore":[{"address":"127.0.0.1","family":"IPv4","port":8080}],"firestore.websocket":[{"address":"127.0.0.1","family":"IPv4","port":9150}],"storage":[{"address":"127.0.0.1","family":"IPv4","port":9199}]},"metadata":{"message":"assigned listening specs for emulators"}}
[debug] [2025-06-17T05:22:24.649Z] [hub] writing locator at C:\Users\Kasparas\AppData\Local\Temp\hub-anthroposcity-d37fb.json
[debug] [2025-06-17T05:22:24.660Z] [Extensions] Started Extensions emulator, this is a noop.
[debug] [2025-06-17T05:22:24.669Z] [functions] Functions Emulator only supports listening on one address (127.0.0.1). Not listening on ::1
[debug] [2025-06-17T05:22:24.669Z] [eventarc] Eventarc Emulator only supports listening on one address (127.0.0.1). Not listening on ::1
[debug] [2025-06-17T05:22:24.669Z] [tasks] Cloud Tasks Emulator only supports listening on one address (127.0.0.1). Not listening on ::1
[debug] [2025-06-17T05:22:24.669Z] late-assigned ports for functions and eventarc emulators {"user":{"hub":[{"address":"127.0.0.1","family":"IPv4","port":4400},{"address":"::1","family":"IPv6","port":4400}],"ui":[{"address":"127.0.0.1","family":"IPv4","port":4000},{"address":"::1","family":"IPv6","port":4000}],"logging":[{"address":"127.0.0.1","family":"IPv4","port":4500}],"auth":[{"address":"127.0.0.1","family":"IPv4","port":9099}],"firestore":[{"address":"127.0.0.1","family":"IPv4","port":8080}],"firestore.websocket":[{"address":"127.0.0.1","family":"IPv4","port":9150}],"storage":[{"address":"127.0.0.1","family":"IPv4","port":9199}],"functions":[{"address":"127.0.0.1","family":"IPv4","port":5001}],"eventarc":[{"address":"127.0.0.1","family":"IPv4","port":9299}],"tasks":[{"address":"127.0.0.1","family":"IPv4","port":9499}]},"metadata":{"message":"late-assigned ports for functions and eventarc emulators"}}
[warn] !  functions: The following emulators are not running, calls to these services from the Functions emulator will affect production: apphosting, database, hosting, pubsub, dataconnect {"metadata":{"emulator":{"name":"functions"},"message":"The following emulators are not running, calls to these services from the Functions emulator will affect production: \u001b[1mapphosting, database, hosting, pubsub, dataconnect\u001b[22m"}}
[debug] [2025-06-17T05:22:24.788Z] defaultcredentials: writing to file C:\Users\Kasparas\AppData\Roaming\firebase\info_anthroposcity_com_application_default_credentials.json
[debug] [2025-06-17T05:22:24.790Z] Setting GAC to C:\Users\Kasparas\AppData\Roaming\firebase\info_anthroposcity_com_application_default_credentials.json {"metadata":{"emulator":{"name":"functions"},"message":"Setting GAC to C:\\Users\\Kasparas\\AppData\\Roaming\\firebase\\info_anthroposcity_com_application_default_credentials.json"}}
[debug] [2025-06-17T05:22:24.791Z] Checked if tokens are valid: true, expires at: 1750140723318
[debug] [2025-06-17T05:22:24.791Z] Checked if tokens are valid: true, expires at: 1750140723318
[debug] [2025-06-17T05:22:24.791Z] >>> [apiv2][query] GET https://firebase.googleapis.com/v1beta1/projects/anthroposcity-d37fb/adminSdkConfig [none]
[debug] [2025-06-17T05:22:25.423Z] <<< [apiv2][status] GET https://firebase.googleapis.com/v1beta1/projects/anthroposcity-d37fb/adminSdkConfig 200
[debug] [2025-06-17T05:22:25.423Z] <<< [apiv2][body] GET https://firebase.googleapis.com/v1beta1/projects/anthroposcity-d37fb/adminSdkConfig {"projectId":"anthroposcity-d37fb","storageBucket":"anthroposcity-d37fb.firebasestorage.app"}
[debug] [2025-06-17T05:22:25.478Z] Ignoring unsupported arg: auto_download {"metadata":{"emulator":{"name":"firestore"},"message":"Ignoring unsupported arg: auto_download"}}
[debug] [2025-06-17T05:22:25.478Z] Ignoring unsupported arg: single_project_mode_error {"metadata":{"emulator":{"name":"firestore"},"message":"Ignoring unsupported arg: single_project_mode_error"}}
[debug] [2025-06-17T05:22:25.479Z] Starting Firestore Emulator with command {"binary":"java","args":["-Dgoogle.cloud_firestore.debug_log_level=FINE","-Duser.language=en","-jar","C:\\Users\\Kasparas\\.cache\\firebase\\emulators\\cloud-firestore-emulator-v1.19.8.jar","--host","127.0.0.1","--port",8080,"--websocket_port",9150,"--project_id","anthroposcity-d37fb","--rules","C:\\Users\\Kasparas\\basic-ac-home - Copy\\fbrules\\firestore.rules","--single_project_mode",true,"--functions_emulator","127.0.0.1:5001"],"optionalArgs":["port","webchannel_port","host","rules","websocket_port","functions_emulator","seed_from_export","project_id","single_project_mode"],"joinArgs":false,"shell":false,"port":8080} {"metadata":{"emulator":{"name":"firestore"},"message":"Starting Firestore Emulator with command {\"binary\":\"java\",\"args\":[\"-Dgoogle.cloud_firestore.debug_log_level=FINE\",\"-Duser.language=en\",\"-jar\",\"C:\\\\Users\\\\Kasparas\\\\.cache\\\\firebase\\\\emulators\\\\cloud-firestore-emulator-v1.19.8.jar\",\"--host\",\"127.0.0.1\",\"--port\",8080,\"--websocket_port\",9150,\"--project_id\",\"anthroposcity-d37fb\",\"--rules\",\"C:\\\\Users\\\\Kasparas\\\\basic-ac-home - Copy\\\\fbrules\\\\firestore.rules\",\"--single_project_mode\",true,\"--functions_emulator\",\"127.0.0.1:5001\"],\"optionalArgs\":[\"port\",\"webchannel_port\",\"host\",\"rules\",\"websocket_port\",\"functions_emulator\",\"seed_from_export\",\"project_id\",\"single_project_mode\"],\"joinArgs\":false,\"shell\":false,\"port\":8080}"}}
[info] i  firestore: Firestore Emulator logging to firestore-debug.log {"metadata":{"emulator":{"name":"firestore"},"message":"Firestore Emulator logging to \u001b[1mfirestore-debug.log\u001b[22m"}}
[debug] [2025-06-17T05:22:27.478Z] Jun 17, 2025 8:22:27 AM com.google.cloud.datastore.emulator.firestore.websocket.WebSocketServer start
INFO: Started WebSocket server on ws://127.0.0.1:9150
 {"metadata":{"emulator":{"name":"firestore"},"message":"Jun 17, 2025 8:22:27 AM com.google.cloud.datastore.emulator.firestore.websocket.WebSocketServer start\r\nINFO: Started WebSocket server on ws://127.0.0.1:9150\r\n"}}
[debug] [2025-06-17T05:22:27.537Z] API endpoint: http:// {"metadata":{"emulator":{"name":"firestore"},"message":"API endpoint: http://"}}
[debug] [2025-06-17T05:22:27.537Z] 127.0.0.1:8080
If you are using a library that supports the FIRESTORE_EMULATOR_HOST environment variable, run:

   export FIRESTORE_EMULATOR_HOST=127.0.0.1:8080

If you are running a Firestore in Datastore Mode project, run:

   export DATASTORE_EMULATOR_HOST=127.0.0.1:8080

Note: Support for Datastore Mode is in preview. If you encounter any bugs please file at https://github.com/firebase/firebase-tools/issues.
Dev App Server is now running.

 {"metadata":{"emulator":{"name":"firestore"},"message":"127.0.0.1:8080\nIf you are using a library that supports the FIRESTORE_EMULATOR_HOST environment variable, run:\r\n\n   export FIRESTORE_EMULATOR_HOST=127.0.0.1:8080\n\nIf you are running a Firestore in Datastore Mode project, run:\r\n\n   export DATASTORE_EMULATOR_HOST=127.0.0.1:8080\n\nNote: Support for Datastore Mode is in preview. If you encounter any bugs please file at https://github.com/firebase/firebase-tools/issues.\r\nDev App Server is now running.\n\r\n"}}
[info] +  firestore: Firestore Emulator UI websocket is running on 9150. {"metadata":{"emulator":{"name":"firestore"},"message":"Firestore Emulator UI websocket is running on 9150."}}
[debug] [2025-06-17T05:22:35.972Z] Ignoring unsupported arg: port {"metadata":{"emulator":{"name":"storage"},"message":"Ignoring unsupported arg: port"}}
[debug] [2025-06-17T05:22:37.170Z] Temp file directory for storage emulator: C:\Users\Kasparas\AppData\Local\Temp/firebase/storage/blobs {"metadata":{"emulator":{"name":"storage"},"message":"Temp file directory for storage emulator: C:\\Users\\Kasparas\\AppData\\Local\\Temp/firebase/storage/blobs"}}
[info] i  ui: downloading ui-v1.14.0.zip... {"metadata":{"emulator":{"name":"ui"},"message":"downloading ui-v1.14.0.zip..."}}
[debug] [2025-06-17T05:22:37.187Z] >>> [apiv2][query] GET https://storage.googleapis.com/firebase-preview-drop/emulator/ui-v1.14.0.zip 
[debug] [2025-06-17T05:22:37.556Z] <<< [apiv2][status] GET https://storage.googleapis.com/firebase-preview-drop/emulator/ui-v1.14.0.zip 200
[debug] [2025-06-17T05:22:37.556Z] <<< [apiv2][body] GET https://storage.googleapis.com/firebase-preview-drop/emulator/ui-v1.14.0.zip [stream]
[debug] [2025-06-17T05:22:38.274Z] Data is 3615311
[debug] [2025-06-17T05:22:38.274Z] [unzip] Entry: client/ (compressed_size=0 bytes, uncompressed_size=0 bytes)
[debug] [2025-06-17T05:22:38.274Z] [unzip] Processing entry: client\
[debug] [2025-06-17T05:22:38.274Z] [unzip] mkdir: C:\Users\Kasparas\.cache\firebase\emulators\ui-v1.14.0\client\
[debug] [2025-06-17T05:22:38.275Z] [unzip] Entry: client/favicon-16x16.png (compressed_size=293 bytes, uncompressed_size=293 bytes)
[debug] [2025-06-17T05:22:38.276Z] [unzip] Processing entry: client\favicon-16x16.png
[debug] [2025-06-17T05:22:38.276Z] [unzip] else mkdir: C:\Users\Kasparas\.cache\firebase\emulators\ui-v1.14.0\client
[debug] [2025-06-17T05:22:38.276Z] [unzip] Writing file: C:\Users\Kasparas\.cache\firebase\emulators\ui-v1.14.0\client\favicon-16x16.png
[debug] [2025-06-17T05:22:38.279Z] [unzip] Entry: client/safari-pinned-tab.svg (compressed_size=1433 bytes, uncompressed_size=2611 bytes)
[debug] [2025-06-17T05:22:38.279Z] [unzip] Processing entry: client\safari-pinned-tab.svg
[debug] [2025-06-17T05:22:38.279Z] [unzip] else mkdir: C:\Users\Kasparas\.cache\firebase\emulators\ui-v1.14.0\client
[debug] [2025-06-17T05:22:38.280Z] [unzip] deflating: C:\Users\Kasparas\.cache\firebase\emulators\ui-v1.14.0\client\safari-pinned-tab.svg
[debug] [2025-06-17T05:22:38.287Z] [unzip] Entry: client/favicon.ico (compressed_size=2933 bytes, uncompressed_size=13294 bytes)
[debug] [2025-06-17T05:22:38.287Z] [unzip] Processing entry: client\favicon.ico
[debug] [2025-06-17T05:22:38.287Z] [unzip] else mkdir: C:\Users\Kasparas\.cache\firebase\emulators\ui-v1.14.0\client
[debug] [2025-06-17T05:22:38.288Z] [unzip] deflating: C:\Users\Kasparas\.cache\firebase\emulators\ui-v1.14.0\client\favicon.ico
[debug] [2025-06-17T05:22:38.289Z] [unzip] Entry: client/index.html (compressed_size=1363 bytes, uncompressed_size=3071 bytes)
[debug] [2025-06-17T05:22:38.290Z] [unzip] Processing entry: client\index.html
[debug] [2025-06-17T05:22:38.290Z] [unzip] else mkdir: C:\Users\Kasparas\.cache\firebase\emulators\ui-v1.14.0\client
[debug] [2025-06-17T05:22:38.290Z] [unzip] deflating: C:\Users\Kasparas\.cache\firebase\emulators\ui-v1.14.0\client\index.html
[debug] [2025-06-17T05:22:38.293Z] [unzip] Entry: client/android-chrome-192x192.png (compressed_size=2684 bytes, uncompressed_size=2684 bytes)
[debug] [2025-06-17T05:22:38.293Z] [unzip] Processing entry: client\android-chrome-192x192.png
[debug] [2025-06-17T05:22:38.293Z] [unzip] else mkdir: C:\Users\Kasparas\.cache\firebase\emulators\ui-v1.14.0\client
[debug] [2025-06-17T05:22:38.294Z] [unzip] Writing file: C:\Users\Kasparas\.cache\firebase\emulators\ui-v1.14.0\client\android-chrome-192x192.png
[debug] [2025-06-17T05:22:38.295Z] [unzip] Entry: client/apple-touch-icon.png (compressed_size=2123 bytes, uncompressed_size=2152 bytes)
[debug] [2025-06-17T05:22:38.295Z] [unzip] Processing entry: client\apple-touch-icon.png
[debug] [2025-06-17T05:22:38.295Z] [unzip] else mkdir: C:\Users\Kasparas\.cache\firebase\emulators\ui-v1.14.0\client
[debug] [2025-06-17T05:22:38.296Z] [unzip] deflating: C:\Users\Kasparas\.cache\firebase\emulators\ui-v1.14.0\client\apple-touch-icon.png
[debug] [2025-06-17T05:22:38.300Z] [unzip] Entry: client/android-chrome-512x512.png (compressed_size=5369 bytes, uncompressed_size=5411 bytes)
[debug] [2025-06-17T05:22:38.300Z] [unzip] Processing entry: client\android-chrome-512x512.png
[debug] [2025-06-17T05:22:38.300Z] [unzip] else mkdir: C:\Users\Kasparas\.cache\firebase\emulators\ui-v1.14.0\client
[debug] [2025-06-17T05:22:38.301Z] [unzip] deflating: C:\Users\Kasparas\.cache\firebase\emulators\ui-v1.14.0\client\android-chrome-512x512.png
[debug] [2025-06-17T05:22:38.303Z] [unzip] Entry: client/manifest.json (compressed_size=245 bytes, uncompressed_size=551 bytes)
[debug] [2025-06-17T05:22:38.304Z] [unzip] Processing entry: client\manifest.json
[debug] [2025-06-17T05:22:38.304Z] [unzip] else mkdir: C:\Users\Kasparas\.cache\firebase\emulators\ui-v1.14.0\client
[debug] [2025-06-17T05:22:38.308Z] [unzip] deflating: C:\Users\Kasparas\.cache\firebase\emulators\ui-v1.14.0\client\manifest.json
[debug] [2025-06-17T05:22:38.311Z] [unzip] Entry: client/robots.txt (compressed_size=26 bytes, uncompressed_size=26 bytes)
[debug] [2025-06-17T05:22:38.311Z] [unzip] Processing entry: client\robots.txt
[debug] [2025-06-17T05:22:38.311Z] [unzip] else mkdir: C:\Users\Kasparas\.cache\firebase\emulators\ui-v1.14.0\client
[debug] [2025-06-17T05:22:38.312Z] [unzip] Writing file: C:\Users\Kasparas\.cache\firebase\emulators\ui-v1.14.0\client\robots.txt
[debug] [2025-06-17T05:22:38.317Z] [unzip] Entry: client/mstile-150x150.png (compressed_size=2034 bytes, uncompressed_size=2034 bytes)
[debug] [2025-06-17T05:22:38.317Z] [unzip] Processing entry: client\mstile-150x150.png
[debug] [2025-06-17T05:22:38.317Z] [unzip] else mkdir: C:\Users\Kasparas\.cache\firebase\emulators\ui-v1.14.0\client
[debug] [2025-06-17T05:22:38.318Z] [unzip] Writing file: C:\Users\Kasparas\.cache\firebase\emulators\ui-v1.14.0\client\mstile-150x150.png
[debug] [2025-06-17T05:22:38.320Z] [unzip] Entry: client/assets/ (compressed_size=0 bytes, uncompressed_size=0 bytes)
[debug] [2025-06-17T05:22:38.321Z] [unzip] Processing entry: client\assets\
[debug] [2025-06-17T05:22:38.321Z] [unzip] mkdir: C:\Users\Kasparas\.cache\firebase\emulators\ui-v1.14.0\client\assets\
[debug] [2025-06-17T05:22:38.322Z] [unzip] Entry: client/assets/index-ClZTY_JS.js.map (compressed_size=2328270 bytes, uncompressed_size=9947004 bytes)
[debug] [2025-06-17T05:22:38.322Z] [unzip] Processing entry: client\assets\index-ClZTY_JS.js.map
[debug] [2025-06-17T05:22:38.322Z] [unzip] else mkdir: C:\Users\Kasparas\.cache\firebase\emulators\ui-v1.14.0\client\assets
[debug] [2025-06-17T05:22:38.323Z] [unzip] deflating: C:\Users\Kasparas\.cache\firebase\emulators\ui-v1.14.0\client\assets\index-ClZTY_JS.js.map
[debug] [2025-06-17T05:22:38.379Z] [unzip] Entry: client/assets/index-ClZTY_JS.js (compressed_size=567195 bytes, uncompressed_size=2035940 bytes)
[debug] [2025-06-17T05:22:38.380Z] [unzip] Processing entry: client\assets\index-ClZTY_JS.js
[debug] [2025-06-17T05:22:38.380Z] [unzip] else mkdir: C:\Users\Kasparas\.cache\firebase\emulators\ui-v1.14.0\client\assets
[debug] [2025-06-17T05:22:38.380Z] [unzip] deflating: C:\Users\Kasparas\.cache\firebase\emulators\ui-v1.14.0\client\assets\index-ClZTY_JS.js
[debug] [2025-06-17T05:22:38.393Z] [unzip] Entry: client/assets/index-BdgySamB.css (compressed_size=35979 bytes, uncompressed_size=298654 bytes)
[debug] [2025-06-17T05:22:38.393Z] [unzip] Processing entry: client\assets\index-BdgySamB.css
[debug] [2025-06-17T05:22:38.393Z] [unzip] else mkdir: C:\Users\Kasparas\.cache\firebase\emulators\ui-v1.14.0\client\assets
[debug] [2025-06-17T05:22:38.394Z] [unzip] deflating: C:\Users\Kasparas\.cache\firebase\emulators\ui-v1.14.0\client\assets\index-BdgySamB.css
[debug] [2025-06-17T05:22:38.397Z] [unzip] Entry: client/assets/extensions/ (compressed_size=0 bytes, uncompressed_size=0 bytes)
[debug] [2025-06-17T05:22:38.397Z] [unzip] Processing entry: client\assets\extensions\
[debug] [2025-06-17T05:22:38.397Z] [unzip] mkdir: C:\Users\Kasparas\.cache\firebase\emulators\ui-v1.14.0\client\assets\extensions\
[debug] [2025-06-17T05:22:38.397Z] [unzip] Entry: client/assets/extensions/default-extension.png (compressed_size=1646 bytes, uncompressed_size=1657 bytes)
[debug] [2025-06-17T05:22:38.398Z] [unzip] Processing entry: client\assets\extensions\default-extension.png
[debug] [2025-06-17T05:22:38.398Z] [unzip] else mkdir: C:\Users\Kasparas\.cache\firebase\emulators\ui-v1.14.0\client\assets\extensions
[debug] [2025-06-17T05:22:38.399Z] [unzip] deflating: C:\Users\Kasparas\.cache\firebase\emulators\ui-v1.14.0\client\assets\extensions\default-extension.png
[debug] [2025-06-17T05:22:38.402Z] [unzip] Entry: client/assets/img/ (compressed_size=0 bytes, uncompressed_size=0 bytes)
[debug] [2025-06-17T05:22:38.402Z] [unzip] Processing entry: client\assets\img\
[debug] [2025-06-17T05:22:38.402Z] [unzip] mkdir: C:\Users\Kasparas\.cache\firebase\emulators\ui-v1.14.0\client\assets\img\
[debug] [2025-06-17T05:22:38.403Z] [unzip] Entry: client/assets/img/database.png (compressed_size=29449 bytes, uncompressed_size=29988 bytes)
[debug] [2025-06-17T05:22:38.404Z] [unzip] Processing entry: client\assets\img\database.png
[debug] [2025-06-17T05:22:38.404Z] [unzip] else mkdir: C:\Users\Kasparas\.cache\firebase\emulators\ui-v1.14.0\client\assets\img
[debug] [2025-06-17T05:22:38.404Z] [unzip] deflating: C:\Users\Kasparas\.cache\firebase\emulators\ui-v1.14.0\client\assets\img\database.png
[debug] [2025-06-17T05:22:38.407Z] [unzip] Entry: client/assets/provider-icons/ (compressed_size=0 bytes, uncompressed_size=0 bytes)
[debug] [2025-06-17T05:22:38.407Z] [unzip] Processing entry: client\assets\provider-icons\
[debug] [2025-06-17T05:22:38.407Z] [unzip] mkdir: C:\Users\Kasparas\.cache\firebase\emulators\ui-v1.14.0\client\assets\provider-icons\
[debug] [2025-06-17T05:22:38.408Z] [unzip] Entry: client/assets/provider-icons/auth_service_saml.svg (compressed_size=575 bytes, uncompressed_size=1226 bytes)
[debug] [2025-06-17T05:22:38.408Z] [unzip] Processing entry: client\assets\provider-icons\auth_service_saml.svg
[debug] [2025-06-17T05:22:38.408Z] [unzip] else mkdir: C:\Users\Kasparas\.cache\firebase\emulators\ui-v1.14.0\client\assets\provider-icons
[debug] [2025-06-17T05:22:38.409Z] [unzip] deflating: C:\Users\Kasparas\.cache\firebase\emulators\ui-v1.14.0\client\assets\provider-icons\auth_service_saml.svg
[debug] [2025-06-17T05:22:38.411Z] [unzip] Entry: client/assets/provider-icons/auth_service_phone.svg (compressed_size=261 bytes, uncompressed_size=414 bytes)
[debug] [2025-06-17T05:22:38.412Z] [unzip] Processing entry: client\assets\provider-icons\auth_service_phone.svg
[debug] [2025-06-17T05:22:38.412Z] [unzip] else mkdir: C:\Users\Kasparas\.cache\firebase\emulators\ui-v1.14.0\client\assets\provider-icons
[debug] [2025-06-17T05:22:38.412Z] [unzip] deflating: C:\Users\Kasparas\.cache\firebase\emulators\ui-v1.14.0\client\assets\provider-icons\auth_service_phone.svg
[debug] [2025-06-17T05:22:38.416Z] [unzip] Entry: client/assets/provider-icons/auth_service_facebook.svg (compressed_size=289 bytes, uncompressed_size=457 bytes)
[debug] [2025-06-17T05:22:38.416Z] [unzip] Processing entry: client\assets\provider-icons\auth_service_facebook.svg
[debug] [2025-06-17T05:22:38.416Z] [unzip] else mkdir: C:\Users\Kasparas\.cache\firebase\emulators\ui-v1.14.0\client\assets\provider-icons
[debug] [2025-06-17T05:22:38.417Z] [unzip] deflating: C:\Users\Kasparas\.cache\firebase\emulators\ui-v1.14.0\client\assets\provider-icons\auth_service_facebook.svg
[debug] [2025-06-17T05:22:38.420Z] [unzip] Entry: client/assets/provider-icons/auth_service_game_center.svg (compressed_size=991 bytes, uncompressed_size=3921 bytes)
[debug] [2025-06-17T05:22:38.421Z] [unzip] Processing entry: client\assets\provider-icons\auth_service_game_center.svg
[debug] [2025-06-17T05:22:38.421Z] [unzip] else mkdir: C:\Users\Kasparas\.cache\firebase\emulators\ui-v1.14.0\client\assets\provider-icons
[debug] [2025-06-17T05:22:38.424Z] [unzip] deflating: C:\Users\Kasparas\.cache\firebase\emulators\ui-v1.14.0\client\assets\provider-icons\auth_service_game_center.svg
[debug] [2025-06-17T05:22:38.427Z] [unzip] Entry: client/assets/provider-icons/auth_service_apple.svg (compressed_size=230 bytes, uncompressed_size=334 bytes)
[debug] [2025-06-17T05:22:38.427Z] [unzip] Processing entry: client\assets\provider-icons\auth_service_apple.svg
[debug] [2025-06-17T05:22:38.427Z] [unzip] else mkdir: C:\Users\Kasparas\.cache\firebase\emulators\ui-v1.14.0\client\assets\provider-icons
[debug] [2025-06-17T05:22:38.434Z] [unzip] deflating: C:\Users\Kasparas\.cache\firebase\emulators\ui-v1.14.0\client\assets\provider-icons\auth_service_apple.svg
[debug] [2025-06-17T05:22:38.436Z] [unzip] Entry: client/assets/provider-icons/auth_service_github.svg (compressed_size=466 bytes, uncompressed_size=838 bytes)
[debug] [2025-06-17T05:22:38.437Z] [unzip] Processing entry: client\assets\provider-icons\auth_service_github.svg
[debug] [2025-06-17T05:22:38.437Z] [unzip] else mkdir: C:\Users\Kasparas\.cache\firebase\emulators\ui-v1.14.0\client\assets\provider-icons
[debug] [2025-06-17T05:22:38.438Z] [unzip] deflating: C:\Users\Kasparas\.cache\firebase\emulators\ui-v1.14.0\client\assets\provider-icons\auth_service_github.svg
[debug] [2025-06-17T05:22:38.440Z] [unzip] Entry: client/assets/provider-icons/auth_service_mslive.svg (compressed_size=203 bytes, uncompressed_size=378 bytes)
[debug] [2025-06-17T05:22:38.441Z] [unzip] Processing entry: client\assets\provider-icons\auth_service_mslive.svg
[debug] [2025-06-17T05:22:38.441Z] [unzip] else mkdir: C:\Users\Kasparas\.cache\firebase\emulators\ui-v1.14.0\client\assets\provider-icons
[debug] [2025-06-17T05:22:38.441Z] [unzip] deflating: C:\Users\Kasparas\.cache\firebase\emulators\ui-v1.14.0\client\assets\provider-icons\auth_service_mslive.svg
[debug] [2025-06-17T05:22:38.444Z] [unzip] Entry: client/assets/provider-icons/auth_service_yahoo.svg (compressed_size=577 bytes, uncompressed_size=1182 bytes)
[debug] [2025-06-17T05:22:38.444Z] [unzip] Processing entry: client\assets\provider-icons\auth_service_yahoo.svg
[debug] [2025-06-17T05:22:38.444Z] [unzip] else mkdir: C:\Users\Kasparas\.cache\firebase\emulators\ui-v1.14.0\client\assets\provider-icons
[debug] [2025-06-17T05:22:38.445Z] [unzip] deflating: C:\Users\Kasparas\.cache\firebase\emulators\ui-v1.14.0\client\assets\provider-icons\auth_service_yahoo.svg
[debug] [2025-06-17T05:22:38.447Z] [unzip] Entry: client/assets/provider-icons/auth_service_twitter.svg (compressed_size=444 bytes, uncompressed_size=751 bytes)
[debug] [2025-06-17T05:22:38.448Z] [unzip] Processing entry: client\assets\provider-icons\auth_service_twitter.svg
[debug] [2025-06-17T05:22:38.448Z] [unzip] else mkdir: C:\Users\Kasparas\.cache\firebase\emulators\ui-v1.14.0\client\assets\provider-icons
[debug] [2025-06-17T05:22:38.450Z] [unzip] deflating: C:\Users\Kasparas\.cache\firebase\emulators\ui-v1.14.0\client\assets\provider-icons\auth_service_twitter.svg
[debug] [2025-06-17T05:22:38.455Z] [unzip] Entry: client/assets/provider-icons/auth_service_play_games.svg (compressed_size=565 bytes, uncompressed_size=1173 bytes)
[debug] [2025-06-17T05:22:38.455Z] [unzip] Processing entry: client\assets\provider-icons\auth_service_play_games.svg
[debug] [2025-06-17T05:22:38.455Z] [unzip] else mkdir: C:\Users\Kasparas\.cache\firebase\emulators\ui-v1.14.0\client\assets\provider-icons
[debug] [2025-06-17T05:22:38.456Z] [unzip] deflating: C:\Users\Kasparas\.cache\firebase\emulators\ui-v1.14.0\client\assets\provider-icons\auth_service_play_games.svg
[debug] [2025-06-17T05:22:38.458Z] [unzip] Entry: client/assets/provider-icons/auth_service_email.svg (compressed_size=228 bytes, uncompressed_size=326 bytes)
[debug] [2025-06-17T05:22:38.459Z] [unzip] Processing entry: client\assets\provider-icons\auth_service_email.svg
[debug] [2025-06-17T05:22:38.459Z] [unzip] else mkdir: C:\Users\Kasparas\.cache\firebase\emulators\ui-v1.14.0\client\assets\provider-icons
[debug] [2025-06-17T05:22:38.460Z] [unzip] deflating: C:\Users\Kasparas\.cache\firebase\emulators\ui-v1.14.0\client\assets\provider-icons\auth_service_email.svg
[debug] [2025-06-17T05:22:38.462Z] [unzip] Entry: client/assets/provider-icons/auth_service_google.svg (compressed_size=409 bytes, uncompressed_size=720 bytes)
[debug] [2025-06-17T05:22:38.463Z] [unzip] Processing entry: client\assets\provider-icons\auth_service_google.svg
[debug] [2025-06-17T05:22:38.464Z] [unzip] else mkdir: C:\Users\Kasparas\.cache\firebase\emulators\ui-v1.14.0\client\assets\provider-icons
[debug] [2025-06-17T05:22:38.468Z] [unzip] deflating: C:\Users\Kasparas\.cache\firebase\emulators\ui-v1.14.0\client\assets\provider-icons\auth_service_google.svg
[debug] [2025-06-17T05:22:38.472Z] [unzip] Entry: client/assets/provider-icons/auth_service_oidc.svg (compressed_size=414 bytes, uncompressed_size=858 bytes)
[debug] [2025-06-17T05:22:38.473Z] [unzip] Processing entry: client\assets\provider-icons\auth_service_oidc.svg
[debug] [2025-06-17T05:22:38.473Z] [unzip] else mkdir: C:\Users\Kasparas\.cache\firebase\emulators\ui-v1.14.0\client\assets\provider-icons
[debug] [2025-06-17T05:22:38.474Z] [unzip] deflating: C:\Users\Kasparas\.cache\firebase\emulators\ui-v1.14.0\client\assets\provider-icons\auth_service_oidc.svg
[debug] [2025-06-17T05:22:38.476Z] [unzip] Entry: client/browserconfig.xml (compressed_size=491 bytes, uncompressed_size=822 bytes)
[debug] [2025-06-17T05:22:38.476Z] [unzip] Processing entry: client\browserconfig.xml
[debug] [2025-06-17T05:22:38.476Z] [unzip] else mkdir: C:\Users\Kasparas\.cache\firebase\emulators\ui-v1.14.0\client
[debug] [2025-06-17T05:22:38.477Z] [unzip] deflating: C:\Users\Kasparas\.cache\firebase\emulators\ui-v1.14.0\client\browserconfig.xml
[debug] [2025-06-17T05:22:38.479Z] [unzip] Entry: client/favicon-32x32.png (compressed_size=475 bytes, uncompressed_size=475 bytes)
[debug] [2025-06-17T05:22:38.479Z] [unzip] Processing entry: client\favicon-32x32.png
[debug] [2025-06-17T05:22:38.480Z] [unzip] else mkdir: C:\Users\Kasparas\.cache\firebase\emulators\ui-v1.14.0\client
[debug] [2025-06-17T05:22:38.481Z] [unzip] Writing file: C:\Users\Kasparas\.cache\firebase\emulators\ui-v1.14.0\client\favicon-32x32.png
[debug] [2025-06-17T05:22:38.484Z] [unzip] Entry: server/ (compressed_size=0 bytes, uncompressed_size=0 bytes)
[debug] [2025-06-17T05:22:38.484Z] [unzip] Processing entry: server\
[debug] [2025-06-17T05:22:38.484Z] [unzip] mkdir: C:\Users\Kasparas\.cache\firebase\emulators\ui-v1.14.0\server\
[debug] [2025-06-17T05:22:38.485Z] [unzip] Entry: server/server.mjs.map (compressed_size=296496 bytes, uncompressed_size=1355667 bytes)
[debug] [2025-06-17T05:22:38.485Z] [unzip] Processing entry: server\server.mjs.map
[debug] [2025-06-17T05:22:38.485Z] [unzip] else mkdir: C:\Users\Kasparas\.cache\firebase\emulators\ui-v1.14.0\server
[debug] [2025-06-17T05:22:38.486Z] [unzip] deflating: C:\Users\Kasparas\.cache\firebase\emulators\ui-v1.14.0\server\server.mjs.map
[debug] [2025-06-17T05:22:38.495Z] [unzip] Entry: server/server.mjs (compressed_size=315701 bytes, uncompressed_size=1172682 bytes)
[debug] [2025-06-17T05:22:38.495Z] [unzip] Processing entry: server\server.mjs
[debug] [2025-06-17T05:22:38.495Z] [unzip] else mkdir: C:\Users\Kasparas\.cache\firebase\emulators\ui-v1.14.0\server
[debug] [2025-06-17T05:22:38.495Z] [unzip] deflating: C:\Users\Kasparas\.cache\firebase\emulators\ui-v1.14.0\server\server.mjs
[debug] [2025-06-17T05:22:38.506Z] [unzip] Entry: server/assets/ (compressed_size=0 bytes, uncompressed_size=0 bytes)
[debug] [2025-06-17T05:22:38.506Z] [unzip] Processing entry: server\assets\
[debug] [2025-06-17T05:22:38.507Z] [unzip] mkdir: C:\Users\Kasparas\.cache\firebase\emulators\ui-v1.14.0\server\assets\
[debug] [2025-06-17T05:22:38.507Z] [unzip] Entry: server/assets/multipart-parser-DGCUZdXu.mjs.map (compressed_size=4791 bytes, uncompressed_size=17918 bytes)
[debug] [2025-06-17T05:22:38.508Z] [unzip] Processing entry: server\assets\multipart-parser-DGCUZdXu.mjs.map
[debug] [2025-06-17T05:22:38.508Z] [unzip] else mkdir: C:\Users\Kasparas\.cache\firebase\emulators\ui-v1.14.0\server\assets
[debug] [2025-06-17T05:22:38.508Z] [unzip] deflating: C:\Users\Kasparas\.cache\firebase\emulators\ui-v1.14.0\server\assets\multipart-parser-DGCUZdXu.mjs.map
[debug] [2025-06-17T05:22:38.511Z] [unzip] Entry: server/assets/multipart-parser-DGCUZdXu.mjs (compressed_size=2621 bytes, uncompressed_size=10390 bytes)
[debug] [2025-06-17T05:22:38.511Z] [unzip] Processing entry: server\assets\multipart-parser-DGCUZdXu.mjs
[debug] [2025-06-17T05:22:38.511Z] [unzip] else mkdir: C:\Users\Kasparas\.cache\firebase\emulators\ui-v1.14.0\server\assets
[debug] [2025-06-17T05:22:38.512Z] [unzip] deflating: C:\Users\Kasparas\.cache\firebase\emulators\ui-v1.14.0\server\assets\multipart-parser-DGCUZdXu.mjs
[debug] [2025-06-17T05:22:38.522Z] [Extensions] Connecting Extensions emulator, this is a noop.
[info] i  functions: Watching "C:\Users\Kasparas\basic-ac-home - Copy\functions" for Cloud Functions... {"metadata":{"emulator":{"name":"functions"},"message":"Watching \"C:\\Users\\Kasparas\\basic-ac-home - Copy\\functions\" for Cloud Functions..."}}
[debug] [2025-06-17T05:22:38.538Z] Validating nodejs source
[debug] [2025-06-17T05:22:48.206Z] > [functions] package.json contents: {
  "name": "functions",
  "scripts": {
    "build": "tsc",
    "build:watch": "tsc --watch",
    "serve": "npm run build && firebase emulators:start --only functions",
    "shell": "npm run build && firebase functions:shell",
    "start": "npm run shell",
    "deploy": "firebase deploy --only functions",
    "logs": "firebase functions:log"
  },
  "engines": {
    "node": "18"
  },
  "main": "lib/index.js",
  "dependencies": {
    "firebase-admin": "^12.6.0",
    "firebase-functions": "^6.3.2"
  },
  "devDependencies": {
    "typescript": "^4.9.0"
  },
  "private": true
}
[debug] [2025-06-17T05:22:48.207Z] Building nodejs source
[debug] [2025-06-17T05:22:48.207Z] Failed to find version of module node: reached end of search path C:\Users\Kasparas\basic-ac-home - Copy\functions\node_modules
[info] +  functions: Using node@18 from host. 
[debug] [2025-06-17T05:22:48.211Z] Could not find functions.yaml. Must use http discovery
[debug] [2025-06-17T05:22:48.223Z] Found firebase-functions binary at 'C:\Users\Kasparas\basic-ac-home - Copy\functions\node_modules\.bin\firebase-functions'
[debug] [2025-06-17T05:22:48.271Z] Jun 17, 2025 8:22:46 AM com.google.cloud.datastore.emulator.firestore.websocket.WebSocketChannelHandler initChannel
INFO: Connected to new websocket client
Jun 17, 2025 8:22:46 AM com.google.cloud.datastore.emulator.firestore.websocket.WebSocketChannelHandler initChannel
INFO: Connected to new websocket client
Jun 17, 2025 8:22:46 AM com.google.cloud.datastore.emulator.firestore.websocket.WebSocketChannelHandler initChannel
INFO: Connected to new websocket client
 {"metadata":{"emulator":{"name":"firestore"},"message":"Jun 17, 2025 8:22:46 AM com.google.cloud.datastore.emulator.firestore.websocket.WebSocketChannelHandler initChannel\r\nINFO: Connected to new websocket client\r\nJun 17, 2025 8:22:46 AM com.google.cloud.datastore.emulator.firestore.websocket.WebSocketChannelHandler initChannel\r\nINFO: Connected to new websocket client\r\nJun 17, 2025 8:22:46 AM com.google.cloud.datastore.emulator.firestore.websocket.WebSocketChannelHandler initChannel\r\nINFO: Connected to new websocket client\r\n"}}
[info] Serving at port 8058

[error] !!  functions: Failed to load function definition from source: FirebaseError: User code failed to load. Cannot determine backend specification. Timeout after 10000. See https://firebase.google.com/docs/functions/tips#avoid_deployment_timeouts_during_initialization' {"metadata":{"emulator":{"name":"functions"},"message":"Failed to load function definition from source: FirebaseError: User code failed to load. Cannot determine backend specification. Timeout after 10000. See https://firebase.google.com/docs/functions/tips#avoid_deployment_timeouts_during_initialization'"}}
[debug] [2025-06-17T05:22:59.575Z] Could not find VSCode notification endpoint: FetchError: request to http://localhost:40001/vscode/notify failed, reason: connect ECONNREFUSED ::1:40001. If you are not running the Firebase Data Connect VSCode extension, this is expected and not an issue.
[info] 
┌─────────────────────────────────────────────────────────────┐
│ ✔  All emulators ready! It is now safe to connect your app. │
│ i  View Emulator UI at http://127.0.0.1:4000/               │
└─────────────────────────────────────────────────────────────┘

┌────────────────┬────────────────┬──────────────────────────────────┐
│ Emulator       │ Host:Port      │ View in Emulator UI              │
├────────────────┼────────────────┼──────────────────────────────────┤
│ Authentication │ 127.0.0.1:9099 │ http://127.0.0.1:4000/auth       │
├────────────────┼────────────────┼──────────────────────────────────┤
│ Functions      │ 127.0.0.1:5001 │ http://127.0.0.1:4000/functions  │
├────────────────┼────────────────┼──────────────────────────────────┤
│ Firestore      │ 127.0.0.1:8080 │ http://127.0.0.1:4000/firestore  │
├────────────────┼────────────────┼──────────────────────────────────┤
│ Storage        │ 127.0.0.1:9199 │ http://127.0.0.1:4000/storage    │
├────────────────┼────────────────┼──────────────────────────────────┤
│ Extensions     │ 127.0.0.1:5001 │ http://127.0.0.1:4000/extensions │
└────────────────┴────────────────┴──────────────────────────────────┘
  Emulator Hub host: 127.0.0.1 port: 4400
  Other reserved ports: 4500, 9150
┌─────────────────────────┬───────────────┬─────────────────────┐
│ Extension Instance Name │ Extension Ref │ View in Emulator UI │
└─────────────────────────┴───────────────┴─────────────────────┘
Issues? Report them at https://github.com/firebase/firebase-tools/issues and attach the *-debug.log files.
 
[debug] [2025-06-17T05:23:10.442Z] Jun 17, 2025 8:23:10 AM com.google.cloud.datastore.emulator.firestore.websocket.WebSocketChannelHandler initChannel
INFO: Connected to new websocket client
 {"metadata":{"emulator":{"name":"firestore"},"message":"Jun 17, 2025 8:23:10 AM com.google.cloud.datastore.emulator.firestore.websocket.WebSocketChannelHandler initChannel\r\nINFO: Connected to new websocket client\r\n"}}
[debug] [2025-06-17T05:23:38.611Z] Checked if tokens are valid: true, expires at: 1750140723318
[debug] [2025-06-17T05:23:38.611Z] Checked if tokens are valid: true, expires at: 1750140723318
[debug] [2025-06-17T05:23:38.612Z] >>> [apiv2][query] GET https://firebase.googleapis.com/v1beta1/projects/anthroposcity-d37fb/adminSdkConfig [none]
[debug] [2025-06-17T05:23:39.101Z] <<< [apiv2][status] GET https://firebase.googleapis.com/v1beta1/projects/anthroposcity-d37fb/adminSdkConfig 200
[debug] [2025-06-17T05:23:39.102Z] <<< [apiv2][body] GET https://firebase.googleapis.com/v1beta1/projects/anthroposcity-d37fb/adminSdkConfig {"projectId":"anthroposcity-d37fb","storageBucket":"anthroposcity-d37fb.firebasestorage.app"}
[debug] [2025-06-17T05:23:48.062Z] Jun 17, 2025 8:23:48 AM com.google.cloud.datastore.emulator.firestore.websocket.WebSocketChannelHandler channelClosed
INFO: Websocket client disconnected
 {"metadata":{"emulator":{"name":"firestore"},"message":"Jun 17, 2025 8:23:48 AM com.google.cloud.datastore.emulator.firestore.websocket.WebSocketChannelHandler channelClosed\r\nINFO: Websocket client disconnected\r\n"}}
[debug] [2025-06-17T05:23:48.063Z] Jun 17, 2025 8:23:48 AM com.google.cloud.datastore.emulator.firestore.websocket.WebSocketChannelHandler channelClosed
INFO: Websocket client disconnected
 {"metadata":{"emulator":{"name":"firestore"},"message":"Jun 17, 2025 8:23:48 AM com.google.cloud.datastore.emulator.firestore.websocket.WebSocketChannelHandler channelClosed\r\nINFO: Websocket client disconnected\r\n"}}
[debug] [2025-06-17T05:37:59.245Z] Jun 17, 2025 8:37:59 AM com.google.cloud.datastore.emulator.firestore.websocket.WebSocketChannelHandler channelClosed
INFO: Websocket client disconnected
 {"metadata":{"emulator":{"name":"firestore"},"message":"Jun 17, 2025 8:37:59 AM com.google.cloud.datastore.emulator.firestore.websocket.WebSocketChannelHandler channelClosed\r\nINFO: Websocket client disconnected\r\n"}}
[debug] [2025-06-17T05:38:09.124Z] Jun 17, 2025 8:38:09 AM com.google.cloud.datastore.emulator.firestore.websocket.WebSocketChannelHandler channelClosed
INFO: Websocket client disconnected
 {"metadata":{"emulator":{"name":"firestore"},"message":"Jun 17, 2025 8:38:09 AM com.google.cloud.datastore.emulator.firestore.websocket.WebSocketChannelHandler channelClosed\r\nINFO: Websocket client disconnected\r\n"}}
